2019-05-28 18:32:58 : Read config file.
2019-05-28 18:32:58 : Data Path: /home/odroid/data/
2019-05-28 18:32:58 : Data Directory: /home/odroid/data/1559068378/
2019-05-28 18:32:59 : Number of cameras detected: 1
2019-05-28 18:32:59 : Current System Date and Time (UTC): 05/28/2019 18:32:59
2019-05-28 18:32:59 : FlyCapture2 version: 2.8.3.1
2019-05-28 18:32:59 : PCAM build date: Sep 20 2017 22:19:20
2019-05-28 18:32:59 : CAMERA INFO: Serial #: 16096798, Model: Grasshopper3 GS3-U3-120S6C
2019-05-28 18:32:59 : CAMERA INFO: Sensor: Sony ICX834 (1" Color CCD), Resolution: 4240x2824
2019-05-28 18:32:59 : CAMERA INFO: Firmware: 2.12.3.0, Tue Feb 24 22:29:54 2015
2019-05-28 18:32:59 : CAMERA CONF: Mode: MODE_00, FPS: 6.000 Hz, Exposure: 0.062 ms
2019-05-28 18:32:59 : CAMERA CONF: Width: 4240, Height: 2824, OffsetX: 0, OffsetY: 0
2019-05-28 18:32:59 : CAMERA CONF: Packet: 24032 B @ 100.00%, Pixel Format: PIXEL_FORMAT_RAW16
2019-05-28 18:32:59 : Start in 5 seconds
2019-05-28 18:32:59 : CMD? (start,abort,settime,time?): 
2019-05-28 18:33:04 : Starting camera, will run for 1000 minutes...
2019-05-28 18:33:05 : $SPCP,000000,000001,0001,360.00,00,0.51
2019-05-28 18:33:06 : $SPCP,000001,000003,0002,936.00,00,0.62
2019-05-28 18:33:06 : $SPCP,000001,000003,0000,0.00,00,0.71
2019-05-28 18:33:07 : $SPCP,000002,000003,0000,0.00,00,0.58
2019-05-28 18:33:08 : $SPCP,000003,000003,0000,0.00,00,0.70
2019-05-28 18:33:08 : $SPCP,000003,000006,0003,509.33,00,0.70
2019-05-28 18:33:09 : $SPCP,000004,000007,0001,3120.00,00,0.60
2019-05-28 18:33:10 : $SPCP,000005,000007,0000,0.00,00,0.73
2019-05-28 18:33:10 : $SPCP,000005,000009,0002,348.00,00,0.62
2019-05-28 18:33:11 : $SPCP,000006,000011,0002,796.00,00,0.70
2019-05-28 18:33:12 : $SPCP,000007,000014,0003,754.67,00,0.64
2019-05-28 18:33:12 : $SPCP,000007,000015,0001,432.00,00,0.70
2019-05-28 18:33:13 : $SPCP,000008,000017,0002,528.00,00,0.65
2019-05-28 18:33:14 : $SPCP,000009,000019,0002,452.00,00,0.63
2019-05-28 18:33:14 : $SPCP,000009,000021,0002,548.00,00,0.69
2019-05-28 18:33:15 : $SPCP,000010,000023,0002,2232.00,00,0.64
2019-05-28 18:33:16 : $SPCP,000011,000029,0006,574.67,00,0.68
2019-05-28 18:33:16 : $SPCP,000011,000034,0005,425.60,00,0.72
2019-05-28 18:33:17 : $SPCP,000012,000037,0003,826.67,00,0.66
2019-05-28 18:33:18 : $SPCP,000013,000037,0000,0.00,00,0.61
2019-05-28 18:33:18 : $SPCP,000013,000038,0001,424.00,01,0.73
2019-05-28 18:33:19 : $SPCP,000014,000041,0003,408.00,00,0.60
2019-05-28 18:33:20 : $SPCP,000015,000043,0002,632.00,00,0.72
2019-05-28 18:33:20 : $SPCP,000015,000049,0006,352.00,00,0.64
2019-05-28 18:33:21 : $SPCP,000016,000053,0004,928.00,00,0.65
2019-05-28 18:33:22 : $SPCP,000017,000057,0004,580.00,00,0.67
2019-05-28 18:33:22 : $SPCP,000017,000058,0001,8992.00,00,0.66
2019-05-28 18:33:23 : $SPCP,000018,000061,0003,432.00,00,0.73
2019-05-28 18:33:24 : $SPCP,000019,000061,0000,0.00,00,0.63
2019-05-28 18:33:24 : $SPCP,000019,000062,0001,736.00,00,0.64
2019-05-28 18:33:25 : $SPCP,000020,000063,0001,928.00,00,0.70
2019-05-28 18:33:26 : $SPCP,000021,000063,0000,0.00,00,0.66
2019-05-28 18:33:26 : $SPCP,000021,000063,0000,0.00,00,0.68
2019-05-28 18:33:27 : $SPCP,000022,000065,0002,524.00,00,0.68
2019-05-28 18:33:28 : $SPCP,000023,000065,0000,0.00,00,0.63
2019-05-28 18:33:28 : $SPCP,000023,000066,0001,352.00,00,0.66
2019-05-28 18:33:29 : $SPCP,000024,000067,0001,904.00,00,0.68
2019-05-28 18:33:30 : $SPCP,000025,000068,0001,1000.00,00,0.66
2019-05-28 18:33:30 : $SPCP,000025,000069,0001,2496.00,00,0.67
2019-05-28 18:33:31 : $SPCP,000026,000071,0002,448.00,00,0.70
2019-05-28 18:33:32 : $SPCP,000027,000071,0000,0.00,01,0.63
2019-05-28 18:33:32 : $SPCP,000027,000073,0002,500.00,00,0.71
2019-05-28 18:33:33 : $SPCP,000028,000078,0005,561.60,00,0.64
2019-05-28 18:33:34 : $SPCP,000029,000080,0002,464.00,00,0.67
2019-05-28 18:33:34 : $SPCP,000029,000084,0004,460.00,00,0.62
2019-05-28 18:33:35 : $SPCP,000030,000085,0001,304.00,00,0.69
2019-05-28 18:33:36 : $SPCP,000031,000086,0001,432.00,00,0.67
2019-05-28 18:33:36 : $SPCP,000031,000090,0004,628.00,00,0.68
2019-05-28 18:33:37 : $SPCP,000032,000092,0002,452.00,00,0.65
2019-05-28 18:33:38 : $SPCP,000033,000092,0000,0.00,00,0.69
2019-05-28 18:33:38 : $SPCP,000033,000095,0003,832.00,00,0.61
2019-05-28 18:33:39 : $SPCP,000034,000099,0004,1124.00,00,0.70
2019-05-28 18:33:40 : $SPCP,000035,000101,0002,560.00,00,0.65
2019-05-28 18:33:40 : $SPCP,000035,000101,0000,0.00,00,0.66
2019-05-28 18:33:41 : $SPCP,000036,000103,0002,604.00,00,0.66
2019-05-28 18:33:42 : $SPCP,000037,000104,0001,608.00,00,0.67
2019-05-28 18:33:42 : $SPCP,000037,000105,0001,488.00,00,0.66
2019-05-28 18:33:43 : $SPCP,000038,000107,0002,352.00,00,0.71
2019-05-28 18:33:44 : $SPCP,000039,000107,0000,0.00,00,0.67
2019-05-28 18:33:44 : $SPCP,000039,000110,0003,1082.67,00,0.69
2019-05-28 18:33:45 : $SPCP,000040,000110,0000,0.00,00,0.60
2019-05-28 18:33:46 : $SPCP,000041,000110,0000,0.00,00,0.64
2019-05-28 18:33:46 : $SPCP,000041,000114,0004,368.00,00,0.73
2019-05-28 18:33:47 : $SPCP,000042,000116,0002,436.00,00,0.69
2019-05-28 18:33:48 : $SPCP,000043,000123,0007,822.86,00,0.64
2019-05-28 18:33:48 : $SPCP,000043,000125,0002,468.00,00,0.66
2019-05-28 18:33:49 : $SPCP,000044,000127,0002,592.00,00,0.63
2019-05-28 18:33:50 : $SPCP,000045,000131,0004,530.00,00,0.66
2019-05-28 18:33:50 : $SPCP,000045,000135,0004,474.00,00,0.67
2019-05-28 18:33:51 : $SPCP,000046,000135,0000,0.00,00,0.68
2019-05-28 18:33:52 : $SPCP,000047,000135,0000,0.00,00,0.65
2019-05-28 18:33:52 : $SPCP,000047,000137,0002,560.00,00,0.66
2019-05-28 18:33:53 : $SPCP,000048,000138,0001,992.00,00,0.71
2019-05-28 18:33:54 : $SPCP,000049,000139,0001,1184.00,00,0.66
2019-05-28 18:33:54 : $SPCP,000049,000139,0000,0.00,00,0.67
2019-05-28 18:33:55 : $SPCP,000050,000141,0002,824.00,00,0.68
2019-05-28 18:33:56 : $SPCP,000051,000141,0000,0.00,00,0.63
2019-05-28 18:33:56 : $SPCP,000051,000141,0000,0.00,00,0.69
2019-05-28 18:33:57 : $SPCP,000052,000144,0003,458.67,00,0.60
2019-05-28 18:33:58 : $SPCP,000053,000148,0004,688.00,01,0.75
2019-05-28 18:33:58 : $SPCP,000053,000148,0000,0.00,00,0.62
2019-05-28 18:33:59 : $SPCP,000054,000151,0003,552.00,00,0.65
2019-05-28 18:34:00 : $SPCP,000055,000154,0003,418.67,00,0.72
2019-05-28 18:34:00 : $SPCP,000055,000154,0000,0.00,00,0.57
2019-05-28 18:34:01 : $SPCP,000056,000155,0001,432.00,00,0.82
2019-05-28 18:34:02 : $SPCP,000057,000160,0005,723.20,00,0.66
2019-05-28 18:34:02 : $SPCP,000057,000160,0000,0.00,00,0.58
2019-05-28 18:34:03 : $SPCP,000058,000160,0000,0.00,00,0.66
2019-05-28 18:34:04 : $SPCP,000059,000160,0000,0.00,00,0.67
2019-05-28 18:34:04 : $SPCP,000059,000161,0001,592.00,00,0.73
2019-05-28 18:34:05 : $SPCP,000060,000162,0001,768.00,00,0.64
2019-05-28 18:34:06 : $SPCP,000061,000163,0001,384.00,00,0.69
2019-05-28 18:34:06 : $SPCP,000061,000166,0003,437.33,00,0.66
2019-05-28 18:34:07 : $SPCP,000062,000168,0002,2976.00,00,0.66
2019-05-28 18:34:08 : $SPCP,000063,000170,0002,416.00,00,0.66
2019-05-28 18:34:08 : $SPCP,000063,000176,0006,537.33,00,0.67
2019-05-28 18:34:09 : $SPCP,000064,000179,0003,394.67,00,0.67
2019-05-28 18:34:10 : $SPCP,000065,000180,0001,352.00,00,0.66
2019-05-28 18:34:10 : $SPCP,000065,000181,0001,664.00,00,0.63
2019-05-28 18:34:11 : $SPCP,000066,000182,0001,384.00,00,0.65
2019-05-28 18:34:12 : $SPCP,000067,000183,0001,1056.00,00,0.71
2019-05-28 18:34:12 : $SPCP,000067,000185,0002,320.00,00,0.70
2019-05-28 18:34:13 : $SPCP,000068,000185,0000,0.00,00,0.62
2019-05-28 18:34:14 : $SPCP,000069,000185,0000,0.00,00,0.64
2019-05-28 18:34:14 : $SPCP,000069,000186,0001,400.00,00,0.72
2019-05-28 18:34:15 : $SPCP,000070,000186,0000,0.00,00,0.63
2019-05-28 18:34:16 : $SPCP,000071,000188,0002,472.00,00,0.70
2019-05-28 18:34:16 : $SPCP,000071,000190,0002,340.00,00,0.65
2019-05-28 18:34:17 : $SPCP,000072,000190,0000,0.00,01,0.69
2019-05-28 18:34:18 : $SPCP,000073,000195,0005,476.80,00,0.66
2019-05-28 18:34:18 : $SPCP,000073,000195,0000,0.00,00,0.62
2019-05-28 18:34:19 : $SPCP,000074,000196,0001,376.00,00,0.73
2019-05-28 18:34:20 : $SPCP,000075,000197,0001,600.00,00,0.66
2019-05-28 18:34:20 : $SPCP,000075,000198,0001,368.00,01,0.66
2019-05-28 18:34:21 : $SPCP,000076,000201,0003,413.33,00,0.60
2019-05-28 18:34:22 : $SPCP,000077,000202,0001,384.00,00,0.73
2019-05-28 18:34:22 : $SPCP,000077,000202,0000,0.00,00,0.67
2019-05-28 18:34:23 : $SPCP,000078,000205,0003,576.00,00,0.64
2019-05-28 18:34:24 : $SPCP,000079,000205,0000,0.00,00,0.68
2019-05-28 18:34:24 : $SPCP,000079,000206,0001,392.00,00,0.67
2019-05-28 18:34:25 : $SPCP,000080,000207,0001,472.00,00,0.62
2019-05-28 18:34:26 : $SPCP,000081,000208,0001,360.00,00,0.68
2019-05-28 18:34:26 : $SPCP,000081,000208,0000,0.00,00,0.66
2019-05-28 18:34:27 : $SPCP,000082,000212,0004,422.00,00,0.69
2019-05-28 18:34:28 : $SPCP,000083,000214,0002,452.00,00,0.64
2019-05-28 18:34:28 : $SPCP,000083,000215,0001,992.00,00,0.69
2019-05-28 18:34:29 : $SPCP,000084,000216,0001,688.00,00,0.57
2019-05-28 18:34:30 : $SPCP,000085,000223,0007,358.86,01,0.86
2019-05-28 18:34:30 : $SPCP,000085,000228,0005,401.60,00,0.56
2019-05-28 18:34:31 : $SPCP,000086,000231,0003,488.00,00,0.70
2019-05-28 18:34:32 : $SPCP,000087,000233,0002,416.00,00,0.63
2019-05-28 18:34:32 : $SPCP,000087,000233,0000,0.00,00,0.65
2019-05-28 18:34:33 : $SPCP,000088,000234,0001,360.00,00,0.68
2019-05-28 18:34:34 : $SPCP,000089,000234,0000,0.00,00,0.65
2019-05-28 18:34:34 : $SPCP,000089,000235,0001,624.00,00,0.67
2019-05-28 18:34:35 : $SPCP,000090,000235,0000,0.00,00,0.68
2019-05-28 18:34:36 : $SPCP,000091,000236,0001,1200.00,00,0.70
2019-05-28 18:34:36 : $SPCP,000091,000237,0001,528.00,00,0.65
2019-05-28 18:34:37 : $SPCP,000092,000238,0001,328.00,00,0.66
2019-05-28 18:34:38 : $SPCP,000093,000241,0003,317.33,00,0.61
2019-05-28 18:34:38 : $SPCP,000093,000241,0000,0.00,00,0.73
2019-05-28 18:34:39 : $SPCP,000094,000244,0003,1138.67,00,0.63
2019-05-28 18:34:40 : $SPCP,000095,000246,0002,460.00,00,0.68
2019-05-28 18:34:40 : $SPCP,000095,000247,0001,480.00,00,0.70
2019-05-28 18:34:41 : $SPCP,000096,000247,0000,0.00,00,0.57
2019-05-28 18:34:42 : $SPCP,000097,000251,0004,832.00,00,0.78
2019-05-28 18:34:42 : $SPCP,000097,000251,0000,0.00,00,0.67
2019-05-28 18:34:43 : $SPCP,000098,000251,0000,0.00,00,0.69
2019-05-28 18:34:44 : $SPCP,000099,000251,0000,0.00,00,0.71
2019-05-28 18:34:44 : $SPCP,000099,000252,0001,488.00,00,0.64
2019-05-28 18:34:45 : $SPCP,000100,000254,0002,360.00,00,0.64
2019-05-28 18:34:46 : $SPCP,000101,000254,0000,0.00,01,0.62
2019-05-28 18:34:46 : $SPCP,000101,000254,0000,0.00,00,0.69
2019-05-28 18:34:47 : $SPCP,000102,000257,0003,1234.67,00,0.68
2019-05-28 18:34:48 : $SPCP,000103,000257,0000,0.00,00,0.66
2019-05-28 18:34:48 : $SPCP,000103,000258,0001,608.00,00,0.63
2019-05-28 18:34:49 : $SPCP,000104,000260,0002,560.00,00,0.66
2019-05-28 18:34:50 : $SPCP,000105,000261,0001,1224.00,00,0.66
2019-05-28 18:34:50 : $SPCP,000105,000263,0002,488.00,00,0.67
2019-05-28 18:34:51 : $SPCP,000106,000263,0000,0.00,00,0.70
2019-05-28 18:34:52 : $SPCP,000107,000265,0002,472.00,00,0.60
2019-05-28 18:34:52 : $SPCP,000107,000267,0002,392.00,00,0.74
2019-05-28 18:34:53 : $SPCP,000108,000271,0004,516.00,00,0.62
2019-05-28 18:34:54 : $SPCP,000109,000275,0004,640.00,00,0.71
2019-05-28 18:34:54 : $SPCP,000109,000277,0002,496.00,00,0.64
2019-05-28 18:34:55 : $SPCP,000110,000279,0002,344.00,00,0.67
2019-05-28 18:34:56 : $SPCP,000111,000280,0001,792.00,00,0.68
2019-05-28 18:34:56 : $SPCP,000111,000280,0000,0.00,00,0.64
2019-05-28 18:34:57 : $SPCP,000112,000281,0001,344.00,01,0.71
2019-05-28 18:34:58 : $SPCP,000113,000282,0001,864.00,00,0.62
2019-05-28 18:34:58 : $SPCP,000113,000284,0002,360.00,00,0.70
2019-05-28 18:34:59 : $SPCP,000114,000285,0001,384.00,00,0.65
2019-05-28 18:35:00 : $SPCP,000115,000291,0006,496.00,00,0.66
2019-05-28 18:35:00 : $SPCP,000115,000291,0000,0.00,00,0.68
2019-05-28 18:35:01 : $SPCP,000116,000291,0000,0.00,00,0.68
2019-05-28 18:35:02 : $SPCP,000117,000292,0001,656.00,00,0.69
2019-05-28 18:35:02 : $SPCP,000117,000295,0003,546.67,00,0.64
2019-05-28 18:35:03 : $SPCP,000118,000296,0001,424.00,00,0.68
2019-05-28 18:35:04 : $SPCP,000119,000300,0004,962.00,00,0.66
2019-05-28 18:35:04 : $SPCP,000119,000301,0001,2392.00,00,0.57
2019-05-28 18:35:05 : $SPCP,000120,000304,0003,602.67,00,0.84
2019-05-28 18:35:06 : $SPCP,000121,000307,0003,1541.33,00,0.56
2019-05-28 18:35:06 : $SPCP,000122,000309,0002,3916.00,00,0.92
2019-05-28 18:35:07 : $SPCP,000122,000309,0000,0.00,00,0.61
2019-05-28 18:35:08 : $SPCP,000123,000311,0002,380.00,00,0.68
2019-05-28 18:35:08 : $SPCP,000123,000311,0000,0.00,00,0.65
2019-05-28 18:35:09 : $SPCP,000124,000313,0002,1068.00,00,0.68
2019-05-28 18:35:10 : $SPCP,000125,000314,0001,448.00,00,0.63
2019-05-28 18:35:10 : $SPCP,000125,000315,0001,328.00,00,0.65
2019-05-28 18:35:11 : $SPCP,000126,000317,0002,392.00,00,0.69
2019-05-28 18:35:12 : $SPCP,000127,000319,0002,384.00,00,0.66
2019-05-28 18:35:12 : $SPCP,000127,000320,0001,432.00,00,0.65
2019-05-28 18:35:13 : $SPCP,000128,000322,0002,656.00,00,0.67
2019-05-28 18:35:14 : $SPCP,000129,000323,0001,400.00,00,0.71
2019-05-28 18:35:14 : $SPCP,000129,000324,0001,424.00,00,0.64
2019-05-28 18:35:15 : $SPCP,000130,000327,0003,842.67,00,0.69
2019-05-28 18:35:16 : $SPCP,000131,000327,0000,0.00,00,0.66
2019-05-28 18:35:16 : $SPCP,000131,000329,0002,1284.00,00,0.68
2019-05-28 18:35:17 : $SPCP,000132,000329,0000,0.00,00,0.67
2019-05-28 18:35:18 : $SPCP,000133,000331,0002,432.00,00,0.62
2019-05-28 18:35:18 : $SPCP,000133,000332,0001,320.00,00,0.65
2019-05-28 18:35:19 : $SPCP,000134,000339,0007,910.86,00,0.71
2019-05-28 18:35:20 : $SPCP,000135,000341,0002,432.00,00,0.63
2019-05-28 18:35:20 : $SPCP,000135,000343,0002,320.00,00,0.72
2019-05-28 18:35:21 : $SPCP,000136,000345,0002,384.00,00,0.64
2019-05-28 18:35:22 : $SPCP,000137,000346,0001,408.00,00,0.62
2019-05-28 18:35:22 : $SPCP,000137,000348,0002,844.00,00,0.74
2019-05-28 18:35:23 : $SPCP,000138,000350,0002,332.00,00,0.62
2019-05-28 18:35:24 : $SPCP,000139,000350,0000,0.00,01,0.70
2019-05-28 18:35:24 : $SPCP,000139,000351,0001,304.00,00,0.63
2019-05-28 18:35:25 : $SPCP,000140,000352,0001,1784.00,00,0.68
2019-05-28 18:35:26 : $SPCP,000141,000354,0002,428.00,00,0.65
2019-05-28 18:35:26 : $SPCP,000141,000356,0002,452.00,00,0.66
2019-05-28 18:35:27 : $SPCP,000142,000358,0002,600.00,00,0.68
2019-05-28 18:35:28 : $SPCP,000143,000360,0002,420.00,00,0.68
2019-05-28 18:35:28 : $SPCP,000143,000360,0000,0.00,00,0.64
2019-05-28 18:35:29 : $SPCP,000144,000360,0000,0.00,00,0.66
2019-05-28 18:35:30 : $SPCP,000145,000360,0000,0.00,00,0.68
2019-05-28 18:35:30 : $SPCP,000145,000362,0002,640.00,00,0.66
2019-05-28 18:35:31 : $SPCP,000146,000364,0002,508.00,01,0.73
2019-05-28 18:35:32 : $SPCP,000147,000364,0000,0.00,00,0.56
2019-05-28 18:35:32 : $SPCP,000147,000364,0000,0.00,00,0.76
2019-05-28 18:35:33 : $SPCP,000148,000368,0004,410.00,00,0.67
2019-05-28 18:35:34 : $SPCP,000149,000368,0000,0.00,00,0.59
2019-05-28 18:35:34 : $SPCP,000149,000368,0000,0.00,00,0.73
2019-05-28 18:35:35 : $SPCP,000150,000368,0000,0.00,00,0.61
2019-05-28 18:35:36 : $SPCP,000151,000368,0000,0.00,00,0.69
2019-05-28 18:35:36 : $SPCP,000151,000368,0000,0.00,00,0.66
2019-05-28 18:35:37 : $SPCP,000152,000368,0000,0.00,00,0.69
2019-05-28 18:35:38 : $SPCP,000153,000373,0005,411.20,00,0.65
2019-05-28 18:35:38 : $SPCP,000153,000377,0004,2198.00,00,0.69
2019-05-28 18:35:39 : $SPCP,000154,000377,0000,0.00,00,0.64
2019-05-28 18:35:40 : $SPCP,000155,000379,0002,376.00,00,0.66
2019-05-28 18:35:40 : $SPCP,000155,000380,0001,416.00,00,0.67
2019-05-28 18:35:41 : $SPCP,000156,000380,0000,0.00,00,0.69
2019-05-28 18:35:42 : $SPCP,000157,000380,0000,0.00,00,0.64
2019-05-28 18:35:42 : $SPCP,000157,000385,0005,721.60,00,0.68
2019-05-28 18:35:43 : $SPCP,000158,000385,0000,0.00,00,0.64
2019-05-28 18:35:44 : $SPCP,000159,000385,0000,0.00,00,0.69
2019-05-28 18:35:44 : $SPCP,000159,000388,0003,1328.00,00,0.69
2019-05-28 18:35:45 : $SPCP,000160,000388,0000,0.00,00,0.67
2019-05-28 18:35:46 : $SPCP,000161,000388,0000,0.00,00,0.68
2019-05-28 18:35:46 : $SPCP,000161,000394,0006,552.00,00,0.61
2019-05-28 18:35:47 : $SPCP,000162,000396,0002,392.00,00,0.70
2019-05-28 18:35:48 : $SPCP,000163,000396,0000,0.00,00,0.60
2019-05-28 18:35:48 : $SPCP,000163,000397,0001,552.00,00,0.75
2019-05-28 18:35:49 : $SPCP,000164,000397,0000,0.00,00,0.68
2019-05-28 18:35:50 : $SPCP,000165,000398,0001,304.00,00,0.65
2019-05-28 18:35:50 : $SPCP,000165,000399,0001,352.00,00,0.61
2019-05-28 18:35:51 : $SPCP,000166,000400,0001,320.00,00,0.71
2019-05-28 18:35:52 : $SPCP,000167,000401,0001,1512.00,00,0.70
2019-05-28 18:35:52 : $SPCP,000167,000404,0003,378.67,00,0.64
2019-05-28 18:35:53 : $SPCP,000168,000406,0002,680.00,00,0.67
2019-05-28 18:35:54 : $SPCP,000169,000408,0002,380.00,00,0.63
2019-05-28 18:35:54 : $SPCP,000169,000412,0004,416.00,00,0.67
2019-05-28 18:35:55 : $SPCP,000170,000413,0001,536.00,00,0.67
2019-05-28 18:35:56 : $SPCP,000171,000413,0000,0.00,00,0.68
2019-05-28 18:35:56 : $SPCP,000171,000414,0001,432.00,00,0.66
2019-05-28 18:35:57 : $SPCP,000172,000417,0003,320.00,00,0.64
2019-05-28 18:35:58 : $SPCP,000173,000418,0001,424.00,00,0.70
2019-05-28 18:35:58 : $SPCP,000173,000420,0002,800.00,00,0.66
2019-05-28 18:35:59 : $SPCP,000174,000421,0001,552.00,00,0.65
2019-05-28 18:36:00 : $SPCP,000175,000423,0002,1908.00,00,0.71
2019-05-28 18:36:00 : $SPCP,000175,000426,0003,370.67,00,0.66
2019-05-28 18:36:01 : $SPCP,000176,000427,0001,560.00,00,0.66
2019-05-28 18:36:02 : $SPCP,000177,000427,0000,0.00,00,0.65
2019-05-28 18:36:02 : $SPCP,000177,000427,0000,0.00,00,0.69
2019-05-28 18:36:03 : $SPCP,000178,000430,0003,504.00,00,0.61
2019-05-28 18:36:04 : $SPCP,000179,000433,0003,653.33,00,0.71
2019-05-28 18:36:04 : $SPCP,000179,000433,0000,0.00,00,0.67
2019-05-28 18:36:05 : $SPCP,000180,000438,0005,460.80,00,0.64
2019-05-28 18:36:06 : $SPCP,000181,000441,0003,650.67,00,0.69
2019-05-28 18:36:06 : $SPCP,000181,000441,0000,0.00,00,0.66
2019-05-28 18:36:07 : $SPCP,000182,000442,0001,544.00,00,0.70
2019-05-28 18:36:08 : $SPCP,000183,000444,0002,944.00,00,0.64
2019-05-28 18:36:09 : $SPCP,000184,000448,0004,1138.00,00,0.73
2019-05-28 18:36:09 : $SPCP,000184,000449,0001,384.00,00,0.63
2019-05-28 18:36:10 : $SPCP,000185,000449,0000,0.00,00,0.86
2019-05-28 18:36:11 : $SPCP,000186,000449,0000,0.00,00,0.64
2019-05-28 18:36:11 : $SPCP,000186,000451,0002,1744.00,00,0.69
2019-05-28 18:36:12 : $SPCP,000187,000452,0001,360.00,00,0.63
2019-05-28 18:36:13 : $SPCP,000188,000454,0002,564.00,00,0.64
2019-05-28 18:36:13 : $SPCP,000188,000455,0001,360.00,00,0.70
2019-05-28 18:36:14 : $SPCP,000189,000463,0008,465.00,00,0.66
2019-05-28 18:36:15 : $SPCP,000190,000463,0000,0.00,00,0.63
2019-05-28 18:36:15 : $SPCP,000190,000464,0001,328.00,00,0.70
2019-05-28 18:36:16 : $SPCP,000191,000469,0005,664.00,00,0.64
2019-05-28 18:36:17 : $SPCP,000192,000471,0002,460.00,00,0.65
2019-05-28 18:36:17 : $SPCP,000192,000471,0000,0.00,00,0.68
2019-05-28 18:36:18 : $SPCP,000193,000471,0000,0.00,00,0.67
2019-05-28 18:36:19 : $SPCP,000194,000472,0001,312.00,00,0.72
2019-05-28 18:36:19 : $SPCP,000194,000472,0000,0.00,00,0.64
2019-05-28 18:36:20 : $SPCP,000195,000472,0000,0.00,00,0.63
2019-05-28 18:36:21 : $SPCP,000196,000474,0002,1308.00,00,0.65
2019-05-28 18:36:21 : $SPCP,000196,000476,0002,564.00,00,0.67
2019-05-28 18:36:22 : $SPCP,000197,000479,0003,573.33,00,0.68
2019-05-28 18:36:23 : $SPCP,000198,000481,0002,524.00,00,0.69
2019-05-28 18:36:23 : $SPCP,000198,000483,0002,1348.00,00,0.63
2019-05-28 18:36:24 : $SPCP,000199,000483,0000,0.00,00,0.72
2019-05-28 18:36:25 : $SPCP,000200,000483,0000,0.00,00,0.67
2019-05-28 18:36:25 : $SPCP,000200,000485,0002,536.00,00,0.67
2019-05-28 18:36:26 : $SPCP,000201,000488,0003,546.67,00,0.63
2019-05-28 18:36:27 : $SPCP,000202,000492,0004,772.00,00,0.63
2019-05-28 18:36:27 : $SPCP,000202,000493,0001,424.00,00,0.70
2019-05-28 18:36:28 : $SPCP,000203,000494,0001,488.00,00,0.62
2019-05-28 18:36:29 : $SPCP,000204,000497,0003,1672.00,00,0.74
2019-05-28 18:36:29 : $SPCP,000204,000499,0002,464.00,01,0.68
2019-05-28 18:36:30 : $SPCP,000205,000501,0002,492.00,00,0.62
2019-05-28 18:36:31 : $SPCP,000206,000503,0002,500.00,00,0.69
2019-05-28 18:36:31 : $SPCP,000206,000505,0002,476.00,00,0.64
2019-05-28 18:36:32 : $SPCP,000207,000507,0002,464.00,00,0.68
2019-05-28 18:36:33 : $SPCP,000208,000509,0002,752.00,00,0.65
2019-05-28 18:36:33 : $SPCP,000208,000513,0004,808.00,00,0.69
2019-05-28 18:36:34 : $SPCP,000209,000514,0001,672.00,00,0.62
2019-05-28 18:36:35 : $SPCP,000210,000515,0001,440.00,00,0.65
2019-05-28 18:36:35 : $SPCP,000210,000520,0005,894.40,00,0.74
2019-05-28 18:36:36 : $SPCP,000211,000522,0002,432.00,00,0.67
2019-05-28 18:36:37 : $SPCP,000212,000522,0000,0.00,00,0.66
2019-05-28 18:36:37 : $SPCP,000212,000523,0001,800.00,00,0.62
2019-05-28 18:36:38 : $SPCP,000213,000525,0002,456.00,00,0.66
2019-05-28 18:36:39 : $SPCP,000214,000530,0005,465.60,00,0.72
2019-05-28 18:36:39 : $SPCP,000214,000531,0001,440.00,00,0.66
2019-05-28 18:36:40 : $SPCP,000215,000533,0002,436.00,00,0.67
2019-05-28 18:36:41 : $SPCP,000216,000533,0000,0.00,00,0.66
2019-05-28 18:36:41 : $SPCP,000216,000534,0001,528.00,00,0.64
2019-05-28 18:36:42 : $SPCP,000217,000534,0000,0.00,00,0.65
2019-05-28 18:36:43 : $SPCP,000218,000538,0004,478.00,00,0.67
2019-05-28 18:36:43 : $SPCP,000218,000538,0000,0.00,00,0.69
2019-05-28 18:36:44 : $SPCP,000219,000540,0002,548.00,00,0.65
2019-05-28 18:36:45 : $SPCP,000220,000540,0000,0.00,00,0.66
2019-05-28 18:36:45 : $SPCP,000220,000544,0004,472.00,00,0.71
2019-05-28 18:36:46 : $SPCP,000221,000546,0002,1632.00,00,0.67
2019-05-28 18:36:47 : $SPCP,000222,000548,0002,2540.00,00,0.66
2019-05-28 18:36:47 : $SPCP,000222,000548,0000,0.00,00,0.68
2019-05-28 18:36:48 : $SPCP,000223,000550,0002,528.00,00,0.59
2019-05-28 18:36:49 : $SPCP,000224,000552,0002,432.00,00,0.74
2019-05-28 18:36:49 : $SPCP,000224,000560,0008,639.00,00,0.62
2019-05-28 18:36:50 : $SPCP,000225,000561,0001,896.00,00,0.68
2019-05-28 18:36:51 : $SPCP,000226,000561,0000,0.00,00,0.66
2019-05-28 18:36:51 : $SPCP,000226,000563,0002,1264.00,00,0.66
2019-05-28 18:36:52 : $SPCP,000227,000563,0000,0.00,00,0.70
2019-05-28 18:36:53 : $SPCP,000228,000565,0002,396.00,00,0.62
2019-05-28 18:36:53 : $SPCP,000228,000565,0000,0.00,00,0.74
2019-05-28 18:36:54 : $SPCP,000229,000566,0001,392.00,00,0.64
2019-05-28 18:36:55 : $SPCP,000230,000568,0002,428.00,00,0.64
2019-05-28 18:36:55 : $SPCP,000230,000572,0004,422.00,00,0.66
2019-05-28 18:36:56 : $SPCP,000231,000576,0004,556.00,00,0.67
2019-05-28 18:36:57 : $SPCP,000232,000576,0000,0.00,00,0.67
2019-05-28 18:36:57 : $SPCP,000232,000578,0002,1184.00,00,0.71
2019-05-28 18:36:58 : $SPCP,000233,000579,0001,336.00,00,0.66
2019-05-28 18:36:59 : $SPCP,000234,000580,0001,320.00,01,0.69
2019-05-28 18:36:59 : $SPCP,000234,000580,0000,0.00,00,0.61
2019-05-28 18:37:00 : $SPCP,000235,000581,0001,416.00,00,0.68
2019-05-28 18:37:01 : $SPCP,000236,000586,0005,897.60,00,0.67
2019-05-28 18:37:01 : $SPCP,000236,000588,0002,428.00,00,0.65
2019-05-28 18:37:02 : $SPCP,000237,000592,0004,466.00,01,0.71
2019-05-28 18:37:03 : $SPCP,000238,000595,0003,416.00,00,0.63
2019-05-28 18:37:03 : $SPCP,000238,000596,0001,536.00,00,0.66
2019-05-28 18:37:04 : $SPCP,000239,000598,0002,1584.00,00,0.68
2019-05-28 18:37:05 : $SPCP,000240,000599,0001,472.00,00,0.67
2019-05-28 18:37:05 : $SPCP,000240,000599,0000,0.00,00,0.71
2019-05-28 18:37:06 : $SPCP,000241,000602,0003,322.67,00,0.66
2019-05-28 18:37:07 : $SPCP,000242,000602,0000,0.00,00,0.60
2019-05-28 18:37:07 : $SPCP,000242,000603,0001,1240.00,00,0.73
2019-05-28 18:37:08 : $SPCP,000243,000604,0001,328.00,00,0.59
2019-05-28 18:37:09 : $SPCP,000244,000606,0002,952.00,00,0.75
2019-05-28 18:37:09 : $SPCP,000244,000608,0002,344.00,00,0.66
2019-05-28 18:37:10 : $SPCP,000245,000610,0002,408.00,01,0.68
2019-05-28 18:37:11 : $SPCP,000246,000614,0004,458.00,00,0.64
2019-05-28 18:37:11 : $SPCP,000246,000616,0002,2952.00,00,0.70
2019-05-28 18:37:12 : $SPCP,000247,000616,0000,0.00,00,0.66
2019-05-28 18:37:13 : $SPCP,000248,000618,0002,680.00,00,0.63
2019-05-28 18:37:13 : $SPCP,000248,000620,0002,552.00,00,0.65
2019-05-28 18:37:14 : $SPCP,000249,000621,0001,416.00,00,0.69
2019-05-28 18:37:15 : $SPCP,000250,000621,0000,0.00,00,0.67
2019-05-28 18:37:15 : $SPCP,000250,000621,0000,0.00,00,0.65
2019-05-28 18:37:16 : $SPCP,000251,000625,0004,960.00,01,0.72
2019-05-28 18:37:17 : $SPCP,000252,000626,0001,352.00,00,0.62
2019-05-28 18:37:17 : $SPCP,000252,000626,0000,0.00,00,0.70
2019-05-28 18:37:18 : $SPCP,000253,000626,0000,0.00,00,0.59
2019-05-28 18:37:19 : $SPCP,000254,000627,0001,376.00,00,0.75
2019-05-28 18:37:19 : $SPCP,000254,000627,0000,0.00,00,0.66
2019-05-28 18:37:20 : $SPCP,000255,000627,0000,0.00,00,0.60
2019-05-28 18:37:21 : $SPCP,000256,000628,0001,344.00,00,0.66
2019-05-28 18:37:21 : $SPCP,000256,000630,0002,752.00,00,0.72
2019-05-28 18:37:22 : $SPCP,000257,000631,0001,320.00,00,0.69
2019-05-28 18:37:23 : $SPCP,000258,000634,0003,672.00,00,0.65
2019-05-28 18:37:23 : $SPCP,000258,000636,0002,1420.00,00,0.62
2019-05-28 18:37:24 : $SPCP,000259,000640,0004,422.00,00,0.71
2019-05-28 18:37:25 : $SPCP,000260,000641,0001,488.00,00,0.67
2019-05-28 18:37:25 : $SPCP,000260,000641,0000,0.00,00,0.61
2019-05-28 18:37:26 : $SPCP,000261,000641,0000,0.00,00,0.74
2019-05-28 18:37:27 : $SPCP,000262,000643,0002,624.00,00,0.63
2019-05-28 18:37:27 : $SPCP,000262,000645,0002,956.00,00,0.67
2019-05-28 18:37:28 : $SPCP,000263,000647,0002,620.00,00,0.65
2019-05-28 18:37:29 : $SPCP,000264,000649,0002,544.00,00,0.65
2019-05-28 18:37:29 : $SPCP,000264,000651,0002,2004.00,00,0.70
2019-05-28 18:37:30 : $SPCP,000265,000653,0002,400.00,00,0.65
2019-05-28 18:37:31 : $SPCP,000266,000653,0000,0.00,00,0.69
2019-05-28 18:37:31 : $SPCP,000266,000656,0003,506.67,00,0.63
2019-05-28 18:37:32 : $SPCP,000267,000658,0002,488.00,00,0.70
2019-05-28 18:37:33 : $SPCP,000268,000658,0000,0.00,00,0.61
2019-05-28 18:37:33 : $SPCP,000268,000659,0001,2800.00,00,0.72
2019-05-28 18:37:34 : $SPCP,000269,000660,0001,568.00,00,0.59
2019-05-28 18:37:35 : $SPCP,000270,000661,0001,432.00,00,0.82
2019-05-28 18:37:35 : $SPCP,000270,000661,0000,0.00,00,0.66
2019-05-28 18:37:36 : $SPCP,000271,000661,0000,0.00,00,0.58
2019-05-28 18:37:37 : $SPCP,000272,000663,0002,612.00,00,0.66
2019-05-28 18:37:37 : $SPCP,000272,000664,0001,832.00,00,0.70
2019-05-28 18:37:38 : $SPCP,000273,000669,0005,2491.20,01,0.70
2019-05-28 18:37:39 : $SPCP,000274,000671,0002,2732.00,00,0.59
2019-05-28 18:37:39 : $SPCP,000274,000671,0000,0.00,00,0.70
2019-05-28 18:37:40 : $SPCP,000275,000673,0002,332.00,00,0.65
2019-05-28 18:37:41 : $SPCP,000276,000674,0001,944.00,00,0.70
2019-05-28 18:37:41 : $SPCP,000276,000674,0000,0.00,00,0.66
2019-05-28 18:37:42 : $SPCP,000277,000676,0002,656.00,00,0.62
2019-05-28 18:37:43 : $SPCP,000278,000676,0000,0.00,00,0.67
2019-05-28 18:37:43 : $SPCP,000278,000677,0001,472.00,00,0.64
2019-05-28 18:37:44 : $SPCP,000279,000681,0004,448.00,00,0.66
2019-05-28 18:37:45 : $SPCP,000280,000682,0001,416.00,00,0.72
2019-05-28 18:37:45 : $SPCP,000280,000684,0002,312.00,00,0.63
2019-05-28 18:37:46 : $SPCP,000281,000687,0003,530.67,00,0.67
2019-05-28 18:37:47 : $SPCP,000282,000687,0000,0.00,00,0.69
2019-05-28 18:37:47 : $SPCP,000282,000689,0002,872.00,00,0.70
2019-05-28 18:37:48 : $SPCP,000283,000689,0000,0.00,00,0.63
2019-05-28 18:37:49 : $SPCP,000284,000691,0002,436.00,00,0.68
2019-05-28 18:37:49 : $SPCP,000284,000691,0000,0.00,00,0.60
2019-05-28 18:37:50 : $SPCP,000285,000695,0004,620.00,00,0.72
2019-05-28 18:37:51 : $SPCP,000286,000695,0000,0.00,00,0.61
2019-05-28 18:37:51 : $SPCP,000286,000697,0002,388.00,00,0.72
2019-05-28 18:37:52 : $SPCP,000287,000698,0001,400.00,00,0.69
2019-05-28 18:37:53 : $SPCP,000288,000699,0001,4408.00,00,0.64
2019-05-28 18:37:53 : $SPCP,000288,000702,0003,541.33,00,0.64
2019-05-28 18:37:54 : $SPCP,000289,000702,0000,0.00,00,0.72
2019-05-28 18:37:55 : $SPCP,000290,000702,0000,0.00,00,0.61
2019-05-28 18:37:55 : $SPCP,000290,000702,0000,0.00,00,0.70
2019-05-28 18:37:56 : $SPCP,000291,000703,0001,2824.00,00,0.65
2019-05-28 18:37:57 : $SPCP,000292,000705,0002,408.00,00,0.67
2019-05-28 18:37:57 : $SPCP,000292,000707,0002,768.00,00,0.65
2019-05-28 18:37:58 : $SPCP,000293,000709,0002,1872.00,00,0.71
2019-05-28 18:37:59 : $SPCP,000294,000714,0005,601.60,00,0.67
2019-05-28 18:37:59 : $SPCP,000294,000717,0003,1234.67,00,0.67
2019-05-28 18:38:00 : $SPCP,000295,000720,0003,650.67,00,0.61
2019-05-28 18:38:01 : $SPCP,000296,000721,0001,1008.00,00,0.73
2019-05-28 18:38:01 : $SPCP,000296,000721,0000,0.00,00,0.59
2019-05-28 18:38:02 : $SPCP,000297,000721,0000,0.00,00,0.75
2019-05-28 18:38:03 : $SPCP,000298,000722,0001,3624.00,00,0.66
2019-05-28 18:38:03 : $SPCP,000298,000722,0000,0.00,00,0.62
2019-05-28 18:38:04 : $SPCP,000299,000722,0000,0.00,00,0.67
2019-05-28 18:38:05 : $SPCP,000300,000722,0000,0.00,00,0.66
2019-05-28 18:38:05 : $SPCP,000300,000722,0000,0.00,00,0.68
2019-05-28 18:38:06 : $SPCP,000301,000725,0003,626.67,00,0.64
2019-05-28 18:38:07 : $SPCP,000302,000726,0001,304.00,00,0.71
2019-05-28 18:38:07 : $SPCP,000302,000726,0000,0.00,00,0.68
2019-05-28 18:38:08 : $SPCP,000303,000727,0001,504.00,00,0.66
2019-05-28 18:38:09 : $SPCP,000304,000731,0004,586.00,00,0.66
2019-05-28 18:38:09 : $SPCP,000304,000733,0002,508.00,00,0.65
2019-05-28 18:38:10 : $SPCP,000305,000737,0004,510.00,00,0.61
2019-05-28 18:38:11 : $SPCP,000306,000740,0003,378.67,00,0.74
2019-05-28 18:38:11 : $SPCP,000306,000740,0000,0.00,00,0.66
2019-05-28 18:38:12 : $SPCP,000307,000742,0002,320.00,00,0.61
2019-05-28 18:38:13 : $SPCP,000308,000743,0001,304.00,00,0.72
2019-05-28 18:38:13 : $SPCP,000308,000745,0002,568.00,00,0.60
2019-05-28 18:38:14 : $SPCP,000309,000746,0001,712.00,00,0.74
2019-05-28 18:38:15 : $SPCP,000310,000749,0003,602.67,00,0.64
2019-05-28 18:38:15 : $SPCP,000310,000752,0003,1357.33,00,0.68
2019-05-28 18:38:16 : $SPCP,000311,000754,0002,452.00,00,0.74
2019-05-28 18:38:17 : $SPCP,000312,000754,0000,0.00,00,0.63
2019-05-28 18:38:17 : $SPCP,000312,000756,0002,524.00,00,0.68
2019-05-28 18:38:18 : $SPCP,000313,000757,0001,464.00,00,0.62
2019-05-28 18:38:19 : $SPCP,000314,000758,0001,552.00,00,0.63
2019-05-28 18:38:19 : $SPCP,000314,000762,0004,1134.00,00,0.71
2019-05-28 18:38:20 : $SPCP,000315,000764,0002,624.00,00,0.63
2019-05-28 18:38:21 : $SPCP,000316,000769,0005,499.20,00,0.67
2019-05-28 18:38:21 : $SPCP,000316,000772,0003,664.00,00,0.67
2019-05-28 18:38:22 : $SPCP,000317,000773,0001,952.00,00,0.69
2019-05-28 18:38:23 : $SPCP,000318,000774,0001,376.00,01,0.69
2019-05-28 18:38:23 : $SPCP,000318,000774,0000,0.00,00,0.62
2019-05-28 18:38:24 : $SPCP,000319,000778,0004,1378.00,00,0.67
2019-05-28 18:38:25 : $SPCP,000320,000789,0011,666.91,00,0.72
2019-05-28 18:38:25 : $SPCP,000320,000792,0003,386.67,00,0.63
2019-05-28 18:38:26 : $SPCP,000321,000800,0008,618.00,00,0.65
2019-05-28 18:38:27 : $SPCP,000322,000801,0001,504.00,00,0.70
2019-05-28 18:38:27 : $SPCP,000322,000802,0001,304.00,00,0.66
2019-05-28 18:38:28 : $SPCP,000323,000805,0003,653.33,00,0.60
2019-05-28 18:38:29 : $SPCP,000324,000807,0002,636.00,00,0.71
2019-05-28 18:38:29 : $SPCP,000324,000808,0001,464.00,00,0.62
2019-05-28 18:38:30 : $SPCP,000325,000810,0002,584.00,00,0.75
2019-05-28 18:38:31 : $SPCP,000326,000810,0000,0.00,00,0.64
2019-05-28 18:38:31 : $SPCP,000326,000811,0001,544.00,00,0.61
2019-05-28 18:38:32 : $SPCP,000327,000812,0001,616.00,00,0.72
2019-05-28 18:38:33 : $SPCP,000328,000813,0001,512.00,00,0.69
2019-05-28 18:38:33 : $SPCP,000328,000813,0000,0.00,00,0.66
2019-05-28 18:38:34 : $SPCP,000329,000815,0002,744.00,00,0.66
2019-05-28 18:38:35 : $SPCP,000330,000818,0003,509.33,00,0.60
2019-05-28 18:38:35 : $SPCP,000330,000818,0000,0.00,00,0.73
2019-05-28 18:38:36 : $SPCP,000331,000819,0001,424.00,00,0.66
2019-05-28 18:38:37 : $SPCP,000332,000820,0001,528.00,00,0.67
2019-05-28 18:38:37 : $SPCP,000332,000822,0002,1024.00,00,0.66
2019-05-28 18:38:38 : $SPCP,000333,000826,0004,572.00,00,0.68
2019-05-28 18:38:39 : $SPCP,000334,000827,0001,1048.00,00,0.59
2019-05-28 18:38:39 : $SPCP,000334,000829,0002,728.00,00,0.73
2019-05-28 18:38:40 : $SPCP,000335,000830,0001,2048.00,00,0.64
2019-05-28 18:38:41 : $SPCP,000336,000834,0004,2112.00,00,0.66
2019-05-28 18:38:41 : $SPCP,000336,000838,0004,664.00,00,0.69
2019-05-28 18:38:42 : $SPCP,000337,000840,0002,384.00,00,0.64
2019-05-28 18:38:43 : $SPCP,000338,000841,0001,360.00,00,0.65
2019-05-28 18:38:43 : $SPCP,000338,000842,0001,440.00,00,0.67
2019-05-28 18:38:44 : $SPCP,000339,000843,0001,792.00,00,0.67
2019-05-28 18:38:45 : $SPCP,000340,000844,0001,3008.00,00,0.70
2019-05-28 18:38:45 : $SPCP,000340,000844,0000,0.00,00,0.68
2019-05-28 18:38:46 : $SPCP,000341,000847,0003,589.33,00,0.71
2019-05-28 18:38:47 : $SPCP,000342,000848,0001,312.00,00,0.66
2019-05-28 18:38:47 : $SPCP,000342,000849,0001,392.00,00,0.62
2019-05-28 18:38:48 : $SPCP,000343,000850,0001,2968.00,00,0.65
2019-05-28 18:38:49 : $SPCP,000344,000852,0002,828.00,00,0.68
2019-05-28 18:38:49 : $SPCP,000344,000853,0001,496.00,00,0.57
2019-05-28 18:38:50 : $SPCP,000345,000857,0004,1088.00,00,0.72
2019-05-28 18:38:51 : $SPCP,000346,000858,0001,504.00,00,0.65
2019-05-28 18:38:51 : $SPCP,000346,000858,0000,0.00,00,0.68
2019-05-28 18:38:52 : $SPCP,000347,000859,0001,768.00,00,0.65
2019-05-28 18:38:53 : $SPCP,000348,000860,0001,696.00,00,0.68
2019-05-28 18:38:53 : $SPCP,000348,000864,0004,1372.00,00,0.68
2019-05-28 18:38:54 : $SPCP,000349,000866,0002,332.00,00,0.61
2019-05-28 18:38:55 : $SPCP,000350,000866,0000,0.00,00,0.67
2019-05-28 18:38:55 : $SPCP,000350,000872,0006,946.67,00,0.76
2019-05-28 18:38:56 : $SPCP,000351,000875,0003,434.67,00,0.68
2019-05-28 18:38:57 : $SPCP,000352,000876,0001,352.00,00,0.65
2019-05-28 18:38:57 : $SPCP,000352,000877,0001,472.00,00,0.67
2019-05-28 18:38:58 : $SPCP,000353,000879,0002,600.00,00,0.62
2019-05-28 18:38:59 : $SPCP,000354,000880,0001,536.00,00,0.69
2019-05-28 18:38:59 : $SPCP,000354,000880,0000,0.00,00,0.68
2019-05-28 18:39:00 : $SPCP,000355,000882,0002,1160.00,00,0.71
2019-05-28 18:39:01 : $SPCP,000356,000882,0000,0.00,00,0.65
2019-05-28 18:39:01 : $SPCP,000356,000886,0004,1084.00,00,0.67
2019-05-28 18:39:02 : $SPCP,000357,000886,0000,0.00,00,0.62
2019-05-28 18:39:03 : $SPCP,000358,000888,0002,472.00,00,0.66
2019-05-28 18:39:03 : $SPCP,000358,000889,0001,384.00,00,0.67
2019-05-28 18:39:04 : $SPCP,000359,000889,0000,0.00,00,0.70
2019-05-28 18:39:05 : $SPCP,000360,000890,0001,576.00,00,0.67
2019-05-28 18:39:05 : $SPCP,000360,000890,0000,0.00,01,0.67
2019-05-28 18:39:06 : $SPCP,000361,000890,0000,0.00,00,0.63
2019-05-28 18:39:07 : $SPCP,000362,000897,0007,512.00,00,0.71
2019-05-28 18:39:07 : $SPCP,000362,000902,0005,771.20,00,0.65
2019-05-28 18:39:08 : $SPCP,000363,000902,0000,0.00,00,0.63
2019-05-28 18:39:09 : $SPCP,000364,000906,0004,464.00,00,0.69
2019-05-28 18:39:09 : $SPCP,000364,000907,0001,480.00,00,0.70
2019-05-28 18:39:10 : $SPCP,000365,000908,0001,416.00,00,0.68
2019-05-28 18:39:11 : $SPCP,000366,000911,0003,818.67,00,0.61
2019-05-28 18:39:11 : $SPCP,000366,000913,0002,412.00,00,0.68
2019-05-28 18:39:12 : $SPCP,000367,000914,0001,392.00,00,0.63
2019-05-28 18:39:13 : $SPCP,000368,000916,0002,600.00,00,0.70
2019-05-28 18:39:13 : $SPCP,000368,000918,0002,408.00,00,0.62
2019-05-28 18:39:14 : $SPCP,000369,000919,0001,336.00,00,0.70
2019-05-28 18:39:15 : $SPCP,000370,000921,0002,1628.00,00,0.64
2019-05-28 18:39:15 : $SPCP,000370,000924,0003,672.00,00,0.73
2019-05-28 18:39:16 : $SPCP,000371,000924,0000,0.00,00,0.68
2019-05-28 18:39:17 : $SPCP,000372,000927,0003,349.33,00,0.65
2019-05-28 18:39:17 : $SPCP,000372,000929,0002,556.00,00,0.64
2019-05-28 18:39:18 : $SPCP,000373,000929,0000,0.00,00,0.72
2019-05-28 18:39:19 : $SPCP,000374,000931,0002,372.00,00,0.69
2019-05-28 18:39:19 : $SPCP,000374,000932,0001,520.00,00,0.58
2019-05-28 18:39:20 : $SPCP,000375,000936,0004,464.00,00,0.66
2019-05-28 18:39:21 : $SPCP,000376,000940,0004,1186.00,00,0.74
2019-05-28 18:39:21 : $SPCP,000376,000946,0006,965.33,00,0.61
2019-05-28 18:39:22 : $SPCP,000377,000946,0000,0.00,00,0.71
2019-05-28 18:39:23 : $SPCP,000378,000946,0000,0.00,00,0.65
2019-05-28 18:39:23 : $SPCP,000378,000947,0001,512.00,00,0.65
2019-05-28 18:39:24 : $SPCP,000379,000950,0003,1114.67,00,0.67
2019-05-28 18:39:25 : $SPCP,000380,000952,0002,368.00,00,0.69
2019-05-28 18:39:25 : $SPCP,000380,000952,0000,0.00,00,0.65
2019-05-28 18:39:26 : $SPCP,000381,000954,0002,668.00,00,0.68
2019-05-28 18:39:27 : $SPCP,000382,000957,0003,746.67,00,0.63
2019-05-28 18:39:27 : $SPCP,000382,000957,0000,0.00,00,0.66
2019-05-28 18:39:28 : $SPCP,000383,000960,0003,408.00,00,0.69
2019-05-28 18:39:29 : $SPCP,000384,000960,0000,0.00,00,0.65
2019-05-28 18:39:29 : $SPCP,000384,000963,0003,613.33,00,0.70
2019-05-28 18:39:30 : $SPCP,000385,000966,0003,704.00,00,0.69
2019-05-28 18:39:31 : $SPCP,000386,000967,0001,328.00,00,0.66
2019-05-28 18:39:31 : $SPCP,000386,000968,0001,1920.00,00,0.65
2019-05-28 18:39:32 : $SPCP,000387,000968,0000,0.00,00,0.62
2019-05-28 18:39:33 : $SPCP,000388,000971,0003,536.00,01,0.74
2019-05-28 18:39:33 : $SPCP,000388,000975,0004,450.00,00,0.64
2019-05-28 18:39:34 : $SPCP,000389,000976,0001,552.00,00,0.68
2019-05-28 18:39:35 : $SPCP,000390,000977,0001,496.00,00,0.65
2019-05-28 18:39:35 : $SPCP,000390,000977,0000,0.00,00,0.64
2019-05-28 18:39:36 : $SPCP,000391,000978,0001,1504.00,00,0.71
2019-05-28 18:39:37 : $SPCP,000392,000981,0003,984.00,00,0.64
2019-05-28 18:39:37 : $SPCP,000392,000982,0001,1736.00,00,0.67
2019-05-28 18:39:38 : $SPCP,000393,000983,0001,328.00,00,0.66
2019-05-28 18:39:39 : $SPCP,000394,000985,0002,388.00,00,0.64
2019-05-28 18:39:39 : $SPCP,000394,000988,0003,2586.67,00,0.66
2019-05-28 18:39:40 : $SPCP,000395,000991,0003,936.00,01,0.71
2019-05-28 18:39:41 : $SPCP,000396,000994,0003,426.67,00,0.69
2019-05-28 18:39:41 : $SPCP,000396,000997,0003,877.33,01,0.65
2019-05-28 18:39:42 : $SPCP,000397,000998,0001,672.00,00,0.67
2019-05-28 18:39:43 : $SPCP,000398,000999,0001,464.00,00,0.62
2019-05-28 18:39:43 : $SPCP,000398,001000,0001,376.00,00,0.69
2019-05-28 18:39:44 : $SPCP,000399,001004,0004,558.00,01,0.67
2019-05-28 18:39:45 : $SPCP,000400,001006,0002,1128.00,00,0.68
2019-05-28 18:39:45 : $SPCP,000400,001009,0003,338.67,00,0.62
2019-05-28 18:39:46 : $SPCP,000401,001010,0001,376.00,01,0.69
2019-05-28 18:39:47 : $SPCP,000402,001011,0001,320.00,00,0.66
2019-05-28 18:39:47 : $SPCP,000402,001014,0003,416.00,00,0.66
2019-05-28 18:39:48 : $SPCP,000403,001014,0000,0.00,00,0.70
2019-05-28 18:39:49 : $SPCP,000404,001015,0001,776.00,00,0.68
2019-05-28 18:39:49 : $SPCP,000404,001017,0002,488.00,00,0.68
2019-05-28 18:39:50 : $SPCP,000405,001018,0001,584.00,00,0.61
2019-05-28 18:39:51 : $SPCP,000406,001025,0007,573.71,00,0.65
2019-05-28 18:39:51 : $SPCP,000406,001025,0000,0.00,01,0.71
2019-05-28 18:39:52 : $SPCP,000407,001029,0004,428.00,00,0.63
2019-05-28 18:39:53 : $SPCP,000408,001031,0002,876.00,00,0.70
2019-05-28 18:39:53 : $SPCP,000408,001034,0003,1056.00,01,0.69
2019-05-28 18:39:54 : $SPCP,000409,001036,0002,1160.00,00,0.65
2019-05-28 18:39:55 : $SPCP,000410,001037,0001,328.00,01,0.70
2019-05-28 18:39:55 : $SPCP,000410,001039,0002,1620.00,00,0.62
2019-05-28 18:39:56 : $SPCP,000411,001042,0003,754.67,00,0.64
2019-05-28 18:39:57 : $SPCP,000412,001044,0002,592.00,00,0.72
2019-05-28 18:39:57 : $SPCP,000412,001047,0003,581.33,00,0.63
2019-05-28 18:39:58 : $SPCP,000413,001048,0001,904.00,00,0.67
2019-05-28 18:39:59 : $SPCP,000414,001048,0000,0.00,00,0.66
2019-05-28 18:39:59 : $SPCP,000414,001048,0000,0.00,00,0.62
2019-05-28 18:40:00 : $SPCP,000415,001049,0001,424.00,00,0.68
2019-05-28 18:40:01 : $SPCP,000416,001049,0000,0.00,00,0.67
2019-05-28 18:40:01 : $SPCP,000416,001052,0003,920.00,00,0.68
2019-05-28 18:40:02 : $SPCP,000417,001055,0003,3528.00,00,0.68
2019-05-28 18:40:03 : $SPCP,000418,001055,0000,0.00,00,0.60
2019-05-28 18:40:03 : $SPCP,000418,001059,0004,472.00,00,0.70
2019-05-28 18:40:04 : $SPCP,000419,001061,0002,432.00,00,0.64
2019-05-28 18:40:05 : $SPCP,000420,001061,0000,0.00,00,0.71
2019-05-28 18:40:05 : $SPCP,000420,001062,0001,800.00,01,0.68
2019-05-28 18:40:06 : $SPCP,000421,001062,0000,0.00,01,0.67
2019-05-28 18:40:07 : $SPCP,000422,001063,0001,1536.00,00,0.66
2019-05-28 18:40:07 : $SPCP,000422,001065,0002,1008.00,00,0.60
2019-05-28 18:40:08 : $SPCP,000423,001067,0002,1440.00,01,0.69
2019-05-28 18:40:09 : $SPCP,000424,001069,0002,496.00,00,0.60
2019-05-28 18:40:09 : $SPCP,000424,001069,0000,0.00,00,0.71
2019-05-28 18:40:10 : $SPCP,000425,001069,0000,0.00,00,0.72
2019-05-28 18:40:11 : $SPCP,000426,001070,0001,624.00,00,0.64
2019-05-28 18:40:11 : $SPCP,000426,001073,0003,461.33,00,0.67
2019-05-28 18:40:12 : $SPCP,000427,001075,0002,1596.00,00,0.61
2019-05-28 18:40:13 : $SPCP,000428,001077,0002,392.00,00,0.71
2019-05-28 18:40:13 : $SPCP,000428,001077,0000,0.00,00,0.63
2019-05-28 18:40:14 : $SPCP,000429,001079,0002,516.00,00,0.69
2019-05-28 18:40:15 : $SPCP,000430,001080,0001,416.00,00,0.62
2019-05-28 18:40:15 : $SPCP,000430,001083,0003,762.67,00,0.74
2019-05-28 18:40:16 : $SPCP,000431,001083,0000,0.00,00,0.67
2019-05-28 18:40:17 : $SPCP,000432,001086,0003,360.00,00,0.63
2019-05-28 18:40:17 : $SPCP,000432,001088,0002,756.00,00,0.69
2019-05-28 18:40:18 : $SPCP,000433,001090,0002,384.00,00,0.65
2019-05-28 18:40:19 : $SPCP,000434,001091,0001,1480.00,00,0.68
2019-05-28 18:40:19 : $SPCP,000434,001095,0004,466.00,00,0.68
2019-05-28 18:40:20 : $SPCP,000435,001096,0001,368.00,00,0.66
2019-05-28 18:40:21 : $SPCP,000436,001096,0000,0.00,00,0.71
2019-05-28 18:40:21 : $SPCP,000436,001097,0001,2392.00,00,0.61
2019-05-28 18:40:22 : $SPCP,000437,001099,0002,1396.00,00,0.68
2019-05-28 18:40:23 : $SPCP,000438,001101,0002,2228.00,00,0.67
2019-05-28 18:40:23 : $SPCP,000438,001101,0000,0.00,00,0.63
2019-05-28 18:40:24 : $SPCP,000439,001105,0004,654.00,01,0.74
2019-05-28 18:40:25 : $SPCP,000440,001108,0003,1208.00,00,0.66
2019-05-28 18:40:25 : $SPCP,000440,001114,0006,930.67,00,0.64
2019-05-28 18:40:26 : $SPCP,000441,001117,0003,1541.33,00,0.71
2019-05-28 18:40:27 : $SPCP,000442,001118,0001,736.00,00,0.65
2019-05-28 18:40:27 : $SPCP,000442,001119,0001,504.00,01,0.67
2019-05-28 18:40:28 : $SPCP,000443,001124,0005,688.00,00,0.67
2019-05-28 18:40:29 : $SPCP,000444,001126,0002,836.00,00,0.62
2019-05-28 18:40:29 : $SPCP,000444,001127,0001,440.00,01,0.70
2019-05-28 18:40:30 : $SPCP,000445,001131,0004,1116.00,01,0.67
2019-05-28 18:40:31 : $SPCP,000446,001131,0000,0.00,00,0.63
2019-05-28 18:40:31 : $SPCP,000446,001131,0000,0.00,00,0.70
2019-05-28 18:40:32 : $SPCP,000447,001134,0003,658.67,00,0.68
2019-05-28 18:40:33 : $SPCP,000448,001136,0002,392.00,00,0.65
2019-05-28 18:40:33 : $SPCP,000448,001136,0000,0.00,00,0.68
2019-05-28 18:40:34 : $SPCP,000449,001137,0001,336.00,00,0.65
2019-05-28 18:40:35 : $SPCP,000450,001138,0001,1504.00,00,0.67
2019-05-28 18:40:35 : $SPCP,000450,001142,0004,620.00,00,0.66
2019-05-28 18:40:36 : $SPCP,000451,001143,0001,384.00,00,0.63
2019-05-28 18:40:37 : $SPCP,000452,001143,0000,0.00,00,0.70
2019-05-28 18:40:37 : $SPCP,000452,001146,0003,376.00,00,0.64
2019-05-28 18:40:38 : $SPCP,000453,001152,0006,873.33,00,0.69
2019-05-28 18:40:39 : $SPCP,000454,001154,0002,604.00,00,0.70
2019-05-28 18:40:39 : $SPCP,000454,001158,0004,608.00,00,0.64
2019-05-28 18:40:40 : $SPCP,000455,001159,0001,312.00,00,0.64
2019-05-28 18:40:41 : $SPCP,000456,001165,0006,390.67,01,0.69
2019-05-28 18:40:41 : $SPCP,000456,001167,0002,3648.00,00,0.67
2019-05-28 18:40:42 : $SPCP,000457,001169,0002,3588.00,00,0.67
2019-05-28 18:40:43 : $SPCP,000458,001171,0002,436.00,00,0.65
2019-05-28 18:40:43 : $SPCP,000458,001171,0000,0.00,00,0.66
2019-05-28 18:40:44 : $SPCP,000459,001171,0000,0.00,00,0.68
2019-05-28 18:40:45 : $SPCP,000460,001171,0000,0.00,00,0.66
2019-05-28 18:40:45 : $SPCP,000460,001174,0003,706.67,00,0.68
2019-05-28 18:40:46 : $SPCP,000461,001176,0002,696.00,00,0.67
2019-05-28 18:40:47 : $SPCP,000462,001178,0002,2272.00,00,0.64
2019-05-28 18:40:47 : $SPCP,000462,001178,0000,0.00,00,0.68
2019-05-28 18:40:48 : $SPCP,000463,001181,0003,362.67,00,0.68
2019-05-28 18:40:49 : $SPCP,000464,001182,0001,304.00,00,0.64
2019-05-28 18:40:49 : $SPCP,000464,001185,0003,1248.00,00,0.70
2019-05-28 18:40:50 : $SPCP,000465,001186,0001,456.00,00,0.63
2019-05-28 18:40:51 : $SPCP,000466,001186,0000,0.00,00,0.67
2019-05-28 18:40:51 : $SPCP,000466,001186,0000,0.00,01,0.68
2019-05-28 18:40:52 : $SPCP,000467,001193,0007,1662.86,00,0.66
2019-05-28 18:40:53 : $SPCP,000468,001194,0001,720.00,00,0.62
2019-05-28 18:40:53 : $SPCP,000468,001194,0000,0.00,00,0.70
2019-05-28 18:40:54 : $SPCP,000469,001195,0001,4200.00,00,0.62
2019-05-28 18:40:55 : $SPCP,000470,001197,0002,416.00,01,0.72
2019-05-28 18:40:55 : $SPCP,000470,001199,0002,992.00,00,0.62
2019-05-28 18:40:56 : $SPCP,000471,001199,0000,0.00,00,0.66
2019-05-28 18:40:57 : $SPCP,000472,001200,0001,1456.00,00,0.72
2019-05-28 18:40:57 : $SPCP,000472,001201,0001,2088.00,00,0.64
2019-05-28 18:40:58 : $SPCP,000473,001204,0003,704.00,00,0.66
2019-05-28 18:40:59 : $SPCP,000474,001205,0001,368.00,00,0.69
2019-05-28 18:40:59 : $SPCP,000474,001206,0001,504.00,01,0.68
2019-05-28 18:41:00 : $SPCP,000475,001207,0001,720.00,00,0.67
2019-05-28 18:41:01 : $SPCP,000476,001207,0000,0.00,00,0.66
2019-05-28 18:41:01 : $SPCP,000476,001208,0001,400.00,00,0.65
2019-05-28 18:41:02 : $SPCP,000477,001209,0001,528.00,00,0.69
2019-05-28 18:41:03 : $SPCP,000478,001211,0002,428.00,00,0.67
2019-05-28 18:41:03 : $SPCP,000478,001213,0002,648.00,00,0.62
2019-05-28 18:41:04 : $SPCP,000479,001215,0002,456.00,01,0.69
2019-05-28 18:41:05 : $SPCP,000480,001217,0002,2152.00,01,0.62
2019-05-28 18:41:05 : $SPCP,000480,001219,0002,756.00,01,0.73
2019-05-28 18:41:06 : $SPCP,000481,001219,0000,0.00,00,0.64
2019-05-28 18:41:07 : $SPCP,000482,001221,0002,472.00,00,0.62
2019-05-28 18:41:07 : $SPCP,000482,001221,0000,0.00,00,0.68
2019-05-28 18:41:08 : $SPCP,000483,001221,0000,0.00,00,0.68
2019-05-28 18:41:09 : $SPCP,000484,001224,0003,1080.00,00,0.65
2019-05-28 18:41:09 : $SPCP,000484,001226,0002,1192.00,01,0.75
2019-05-28 18:41:10 : $SPCP,000485,001231,0005,496.00,00,0.56
2019-05-28 18:41:11 : $SPCP,000486,001237,0006,714.67,00,0.73
2019-05-28 18:41:11 : $SPCP,000486,001239,0002,644.00,00,0.68
2019-05-28 18:41:12 : $SPCP,000487,001241,0002,1416.00,00,0.59
2019-05-28 18:41:13 : $SPCP,000488,001243,0002,1736.00,00,0.69
2019-05-28 18:41:13 : $SPCP,000488,001243,0000,0.00,00,0.69
2019-05-28 18:41:14 : $SPCP,000489,001246,0003,1314.67,00,0.68
2019-05-28 18:41:15 : $SPCP,000490,001248,0002,684.00,00,0.71
2019-05-28 18:41:15 : $SPCP,000490,001249,0001,416.00,00,0.64
2019-05-28 18:41:16 : $SPCP,000491,001252,0003,568.00,00,0.68
2019-05-28 18:41:17 : $SPCP,000492,001256,0004,742.00,00,0.64
2019-05-28 18:41:17 : $SPCP,000492,001257,0001,376.00,00,0.68
2019-05-28 18:41:18 : $SPCP,000493,001258,0001,3552.00,00,0.66
2019-05-28 18:41:19 : $SPCP,000494,001263,0005,561.60,00,0.69
2019-05-28 18:41:19 : $SPCP,000494,001268,0005,620.80,00,0.60
2019-05-28 18:41:20 : $SPCP,000495,001268,0000,0.00,00,0.67
2019-05-28 18:41:21 : $SPCP,000496,001270,0002,380.00,00,0.72
2019-05-28 18:41:21 : $SPCP,000496,001273,0003,541.33,00,0.67
2019-05-28 18:41:22 : $SPCP,000497,001277,0004,574.00,00,0.66
2019-05-28 18:41:23 : $SPCP,000498,001279,0002,372.00,00,0.68
2019-05-28 18:41:23 : $SPCP,000498,001282,0003,1770.67,00,0.69
2019-05-28 18:41:24 : $SPCP,000499,001286,0004,1284.00,00,0.61
2019-05-28 18:41:25 : $SPCP,000500,001289,0003,498.67,00,0.64
2019-05-28 18:41:25 : $SPCP,000500,001290,0001,384.00,00,0.71
2019-05-28 18:41:26 : $SPCP,000501,001291,0001,648.00,00,0.64
2019-05-28 18:41:27 : $SPCP,000502,001292,0001,856.00,00,0.69
2019-05-28 18:41:27 : $SPCP,000502,001295,0003,437.33,00,0.68
2019-05-28 18:41:28 : $SPCP,000503,001296,0001,416.00,00,0.66
2019-05-28 18:41:29 : $SPCP,000504,001299,0003,637.33,01,0.66
2019-05-28 18:41:29 : $SPCP,000504,001299,0000,0.00,00,0.61
2019-05-28 18:41:30 : $SPCP,000505,001301,0002,516.00,00,0.70
2019-05-28 18:41:31 : $SPCP,000506,001302,0001,3112.00,00,0.66
2019-05-28 18:41:31 : $SPCP,000506,001303,0001,560.00,00,0.71
2019-05-28 18:41:32 : $SPCP,000507,001306,0003,1250.67,00,0.58
2019-05-28 18:41:33 : $SPCP,000508,001308,0002,496.00,00,0.71
2019-05-28 18:41:33 : $SPCP,000508,001310,0002,416.00,00,0.63
2019-05-28 18:41:34 : $SPCP,000509,001310,0000,0.00,00,0.64
2019-05-28 18:41:35 : $SPCP,000510,001310,0000,0.00,00,0.68
2019-05-28 18:41:35 : $SPCP,000510,001312,0002,2596.00,00,0.74
2019-05-28 18:41:36 : $SPCP,000511,001315,0003,370.67,00,0.68
2019-05-28 18:41:37 : $SPCP,000512,001316,0001,336.00,00,0.61
2019-05-28 18:41:37 : $SPCP,000512,001319,0003,1442.67,00,0.66
2019-05-28 18:41:38 : $SPCP,000513,001322,0003,1170.67,01,0.71
2019-05-28 18:41:39 : $SPCP,000514,001327,0005,515.20,00,0.59
2019-05-28 18:41:39 : $SPCP,000514,001330,0003,488.00,01,0.73
2019-05-28 18:41:40 : $SPCP,000515,001332,0002,2588.00,00,0.69
2019-05-28 18:41:41 : $SPCP,000516,001336,0004,1046.00,00,0.64
2019-05-28 18:41:41 : $SPCP,000516,001336,0000,0.00,00,0.65
2019-05-28 18:41:42 : $SPCP,000517,001338,0002,468.00,00,0.67
2019-05-28 18:41:43 : $SPCP,000518,001340,0002,1724.00,01,0.67
2019-05-28 18:41:43 : $SPCP,000518,001342,0002,1220.00,00,0.61
2019-05-28 18:41:44 : $SPCP,000519,001342,0000,0.00,01,0.77
2019-05-28 18:41:45 : $SPCP,000520,001344,0002,408.00,01,0.66
2019-05-28 18:41:45 : $SPCP,000520,001347,0003,456.00,00,0.59
2019-05-28 18:41:46 : $SPCP,000521,001351,0004,1318.00,00,0.71
2019-05-28 18:41:47 : $SPCP,000522,001352,0001,1240.00,00,0.62
2019-05-28 18:41:47 : $SPCP,000522,001353,0001,800.00,00,0.69
2019-05-28 18:41:48 : $SPCP,000523,001354,0001,848.00,00,0.66
2019-05-28 18:41:49 : $SPCP,000524,001357,0003,1325.33,00,0.69
2019-05-28 18:41:49 : $SPCP,000524,001357,0000,0.00,01,0.69
2019-05-28 18:41:50 : $SPCP,000525,001358,0001,800.00,00,0.67
2019-05-28 18:41:51 : $SPCP,000526,001360,0002,1180.00,00,0.64
2019-05-28 18:41:51 : $SPCP,000526,001361,0001,304.00,00,0.66
2019-05-28 18:41:52 : $SPCP,000527,001361,0000,0.00,00,0.70
2019-05-28 18:41:53 : $SPCP,000528,001362,0001,312.00,00,0.64
2019-05-28 18:41:53 : $SPCP,000528,001363,0001,320.00,00,0.70
2019-05-28 18:41:54 : $SPCP,000529,001367,0004,598.00,00,0.67
2019-05-28 18:41:55 : $SPCP,000530,001368,0001,800.00,00,0.67
2019-05-28 18:41:55 : $SPCP,000530,001371,0003,632.00,00,0.68
2019-05-28 18:41:56 : $SPCP,000531,001373,0002,720.00,00,0.67
2019-05-28 18:41:57 : $SPCP,000532,001374,0001,336.00,00,0.64
2019-05-28 18:41:57 : $SPCP,000532,001374,0000,0.00,00,0.71
2019-05-28 18:41:58 : $SPCP,000533,001378,0004,924.00,00,0.63
2019-05-28 18:41:59 : $SPCP,000534,001380,0002,712.00,00,0.66
2019-05-28 18:41:59 : $SPCP,000534,001382,0002,704.00,00,0.62
2019-05-28 18:42:00 : $SPCP,000535,001382,0000,0.00,00,0.72
2019-05-28 18:42:01 : $SPCP,000536,001384,0002,1696.00,00,0.67
2019-05-28 18:42:01 : $SPCP,000536,001386,0002,1668.00,00,0.66
2019-05-28 18:42:02 : $SPCP,000537,001391,0005,1385.60,00,0.66
2019-05-28 18:42:03 : $SPCP,000538,001392,0001,608.00,00,0.69
2019-05-28 18:42:03 : $SPCP,000538,001394,0002,336.00,00,0.68
2019-05-28 18:42:04 : $SPCP,000539,001398,0004,374.00,00,0.63
2019-05-28 18:42:05 : $SPCP,000540,001399,0001,400.00,00,0.71
2019-05-28 18:42:05 : $SPCP,000540,001399,0000,0.00,00,0.61
2019-05-28 18:42:06 : $SPCP,000541,001400,0001,304.00,00,0.66
2019-05-28 18:42:07 : $SPCP,000542,001401,0001,392.00,00,0.65
2019-05-28 18:42:07 : $SPCP,000542,001402,0001,1048.00,00,0.70
2019-05-28 18:42:08 : $SPCP,000543,001403,0001,752.00,00,0.72
2019-05-28 18:42:09 : $SPCP,000544,001408,0005,1016.00,00,0.62
2019-05-28 18:42:09 : $SPCP,000544,001409,0001,544.00,00,0.64
2019-05-28 18:42:10 : $SPCP,000545,001410,0001,432.00,00,0.66
2019-05-28 18:42:11 : $SPCP,000546,001412,0002,404.00,01,0.69
2019-05-28 18:42:11 : $SPCP,000546,001414,0002,616.00,00,0.64
2019-05-28 18:42:12 : $SPCP,000547,001416,0002,584.00,00,0.70
2019-05-28 18:42:13 : $SPCP,000548,001416,0000,0.00,01,0.68
2019-05-28 18:42:13 : $SPCP,000548,001419,0003,597.33,00,0.67
2019-05-28 18:42:14 : $SPCP,000549,001426,0007,533.71,00,0.66
2019-05-28 18:42:15 : $SPCP,000550,001426,0000,0.00,01,0.67
2019-05-28 18:42:15 : $SPCP,000550,001427,0001,424.00,00,0.64
2019-05-28 18:42:16 : $SPCP,000551,001427,0000,0.00,00,0.68
2019-05-28 18:42:17 : $SPCP,000552,001427,0000,0.00,00,0.62
2019-05-28 18:42:17 : $SPCP,000552,001429,0002,512.00,00,0.71
2019-05-28 18:42:18 : $SPCP,000553,001431,0002,672.00,00,0.65
2019-05-28 18:42:19 : $SPCP,000554,001431,0000,0.00,00,0.68
2019-05-28 18:42:19 : $SPCP,000554,001432,0001,376.00,00,0.65
2019-05-28 18:42:20 : $SPCP,000555,001433,0001,552.00,00,0.62
2019-05-28 18:42:21 : $SPCP,000556,001434,0001,512.00,00,0.70
2019-05-28 18:42:21 : $SPCP,000556,001435,0001,368.00,00,0.68
2019-05-28 18:42:22 : $SPCP,000557,001438,0003,648.00,00,0.69
2019-05-28 18:42:23 : $SPCP,000558,001441,0003,2069.33,00,0.70
2019-05-28 18:42:23 : $SPCP,000558,001443,0002,1360.00,00,0.57
2019-05-28 18:42:24 : $SPCP,000559,001444,0001,352.00,00,0.72
2019-05-28 18:42:25 : $SPCP,000560,001445,0001,680.00,00,0.66
2019-05-28 18:42:25 : $SPCP,000560,001449,0004,366.00,00,0.67
2019-05-28 18:42:26 : $SPCP,000561,001451,0002,484.00,00,0.59
2019-05-28 18:42:27 : $SPCP,000562,001455,0004,1004.00,00,0.70
2019-05-28 18:42:27 : $SPCP,000562,001455,0000,0.00,00,0.69
2019-05-28 18:42:28 : $SPCP,000563,001456,0001,480.00,00,0.67
2019-05-28 18:42:29 : $SPCP,000564,001461,0005,1180.80,00,0.66
2019-05-28 18:42:29 : $SPCP,000564,001466,0005,430.40,00,0.67
2019-05-28 18:42:30 : $SPCP,000565,001466,0000,0.00,00,0.68
2019-05-28 18:42:31 : $SPCP,000566,001467,0001,840.00,00,0.64
2019-05-28 18:42:31 : $SPCP,000566,001469,0002,936.00,00,0.69
2019-05-28 18:42:32 : $SPCP,000567,001473,0004,372.00,00,0.65
2019-05-28 18:42:33 : $SPCP,000568,001473,0000,0.00,00,0.64
2019-05-28 18:42:33 : $SPCP,000568,001475,0002,320.00,00,0.68
2019-05-28 18:42:34 : $SPCP,000569,001475,0000,0.00,00,0.69
2019-05-28 18:42:35 : $SPCP,000570,001481,0006,762.67,00,0.67
2019-05-28 18:42:35 : $SPCP,000570,001481,0000,0.00,00,0.64
2019-05-28 18:42:36 : $SPCP,000571,001485,0004,824.00,00,0.66
2019-05-28 18:42:37 : $SPCP,000572,001488,0003,714.67,00,0.68
2019-05-28 18:42:37 : $SPCP,000572,001489,0001,576.00,00,0.64
2019-05-28 18:42:38 : $SPCP,000573,001492,0003,482.67,00,0.69
2019-05-28 18:42:39 : $SPCP,000574,001493,0001,576.00,00,0.69
2019-05-28 18:42:39 : $SPCP,000574,001495,0002,548.00,00,0.67
2019-05-28 18:42:40 : $SPCP,000575,001500,0005,532.80,00,0.65
2019-05-28 18:42:41 : $SPCP,000576,001500,0000,0.00,00,0.65
2019-05-28 18:42:41 : $SPCP,000576,001501,0001,472.00,00,0.67
2019-05-28 18:42:42 : $SPCP,000577,001501,0000,0.00,00,0.71
2019-05-28 18:42:43 : $SPCP,000578,001503,0002,1872.00,00,0.67
2019-05-28 18:42:43 : $SPCP,000578,001504,0001,840.00,00,0.63
2019-05-28 18:42:44 : $SPCP,000579,001506,0002,528.00,00,0.68
2019-05-28 18:42:45 : $SPCP,000580,001510,0004,542.00,00,0.68
2019-05-28 18:42:45 : $SPCP,000580,001512,0002,688.00,00,0.62
2019-05-28 18:42:46 : $SPCP,000581,001514,0002,424.00,00,0.71
2019-05-28 18:42:47 : $SPCP,000582,001515,0001,1280.00,00,0.70
2019-05-28 18:42:47 : $SPCP,000582,001518,0003,789.33,01,0.66
2019-05-28 18:42:48 : $SPCP,000583,001522,0004,2312.00,00,0.66
2019-05-28 18:42:49 : $SPCP,000584,001524,0002,1432.00,00,0.65
2019-05-28 18:42:49 : $SPCP,000584,001527,0003,482.67,00,0.66
2019-05-28 18:42:50 : $SPCP,000585,001531,0004,528.00,00,0.70
2019-05-28 18:42:51 : $SPCP,000586,001534,0003,1040.00,00,0.64
2019-05-28 18:42:51 : $SPCP,000586,001535,0001,3248.00,00,0.68
2019-05-28 18:42:52 : $SPCP,000587,001537,0002,512.00,00,0.67
2019-05-28 18:42:53 : $SPCP,000588,001538,0001,408.00,00,0.63
2019-05-28 18:42:53 : $SPCP,000588,001538,0000,0.00,00,0.66
2019-05-28 18:42:54 : $SPCP,000589,001538,0000,0.00,01,0.70
2019-05-28 18:42:55 : $SPCP,000590,001539,0001,392.00,00,0.62
2019-05-28 18:42:55 : $SPCP,000590,001540,0001,2712.00,00,0.71
2019-05-28 18:42:56 : $SPCP,000591,001542,0002,1824.00,00,0.71
2019-05-28 18:42:57 : $SPCP,000592,001544,0002,1020.00,00,0.59
2019-05-28 18:42:57 : $SPCP,000592,001547,0003,368.00,01,0.70
2019-05-28 18:42:58 : $SPCP,000593,001550,0003,840.00,00,0.67
2019-05-28 18:42:59 : $SPCP,000594,001550,0000,0.00,00,0.69
2019-05-28 18:42:59 : $SPCP,000594,001550,0000,0.00,00,0.64
2019-05-28 18:43:00 : $SPCP,000595,001551,0001,1024.00,00,0.65
2019-05-28 18:43:01 : $SPCP,000596,001552,0001,408.00,00,0.69
2019-05-28 18:43:01 : $SPCP,000596,001555,0003,384.00,00,0.67
2019-05-28 18:43:02 : $SPCP,000597,001555,0000,0.00,00,0.67
2019-05-28 18:43:03 : $SPCP,000598,001560,0005,617.60,00,0.70
2019-05-28 18:43:03 : $SPCP,000598,001562,0002,888.00,00,0.63
2019-05-28 18:43:04 : $SPCP,000599,001567,0005,928.00,00,0.65
2019-05-28 18:43:05 : $SPCP,000600,001567,0000,0.00,00,0.65
2019-05-28 18:43:05 : $SPCP,000600,001570,0003,424.00,00,0.65
2019-05-28 18:43:06 : $SPCP,000601,001575,0005,1507.20,00,0.65
2019-05-28 18:43:07 : $SPCP,000602,001579,0004,1002.00,00,0.73
2019-05-28 18:43:07 : $SPCP,000602,001583,0004,824.00,00,0.62
2019-05-28 18:43:08 : $SPCP,000603,001583,0000,0.00,00,0.69
2019-05-28 18:43:09 : $SPCP,000604,001585,0002,1852.00,00,0.67
2019-05-28 18:43:09 : $SPCP,000604,001589,0004,964.00,00,0.65
2019-05-28 18:43:10 : $SPCP,000605,001589,0000,0.00,00,0.69
2019-05-28 18:43:11 : $SPCP,000606,001590,0001,424.00,00,0.64
2019-05-28 18:43:11 : $SPCP,000606,001592,0002,420.00,00,0.69
2019-05-28 18:43:12 : $SPCP,000607,001595,0003,314.67,00,0.66
2019-05-28 18:43:13 : $SPCP,000608,001598,0003,562.67,01,0.67
2019-05-28 18:43:13 : $SPCP,000608,001600,0002,496.00,01,0.67
2019-05-28 18:43:14 : $SPCP,000609,001603,0003,416.00,00,0.64
2019-05-28 18:43:15 : $SPCP,000610,001608,0005,585.60,00,0.73
2019-05-28 18:43:15 : $SPCP,000610,001610,0002,372.00,00,0.65
2019-05-28 18:43:16 : $SPCP,000611,001612,0002,320.00,00,0.67
2019-05-28 18:43:17 : $SPCP,000612,001612,0000,0.00,00,0.65
2019-05-28 18:43:17 : $SPCP,000612,001613,0001,328.00,00,0.64
2019-05-28 18:43:18 : $SPCP,000613,001613,0000,0.00,00,0.67
2019-05-28 18:43:19 : $SPCP,000614,001618,0005,520.00,00,0.68
2019-05-28 18:43:19 : $SPCP,000614,001623,0005,440.00,00,0.63
2019-05-28 18:43:20 : $SPCP,000615,001625,0002,772.00,00,0.70
2019-05-28 18:43:21 : $SPCP,000616,001626,0001,456.00,00,0.67
2019-05-28 18:43:21 : $SPCP,000616,001631,0005,424.00,00,0.69
2019-05-28 18:43:22 : $SPCP,000617,001632,0001,936.00,00,0.57
2019-05-28 18:43:23 : $SPCP,000618,001632,0000,0.00,00,0.72
2019-05-28 18:43:23 : $SPCP,000618,001635,0003,562.67,00,0.68
2019-05-28 18:43:24 : $SPCP,000619,001636,0001,944.00,01,0.68
2019-05-28 18:43:25 : $SPCP,000620,001636,0000,0.00,00,0.63
2019-05-28 18:43:25 : $SPCP,000620,001638,0002,548.00,01,0.70
2019-05-28 18:43:26 : $SPCP,000621,001639,0001,584.00,01,0.66
2019-05-28 18:43:27 : $SPCP,000622,001641,0002,1556.00,01,0.69
2019-05-28 18:43:27 : $SPCP,000622,001641,0000,0.00,00,0.67
2019-05-28 18:43:28 : $SPCP,000623,001645,0004,382.00,00,0.66
2019-05-28 18:43:29 : $SPCP,000624,001650,0005,969.60,00,0.65
2019-05-28 18:43:29 : $SPCP,000624,001651,0001,376.00,00,0.66
2019-05-28 18:43:30 : $SPCP,000625,001655,0004,690.00,00,0.68
2019-05-28 18:43:31 : $SPCP,000626,001660,0005,1006.40,00,0.66
2019-05-28 18:43:31 : $SPCP,000626,001662,0002,920.00,00,0.67
2019-05-28 18:43:32 : $SPCP,000627,001663,0001,1312.00,01,0.65
2019-05-28 18:43:33 : $SPCP,000628,001664,0001,528.00,01,0.69
2019-05-28 18:43:33 : $SPCP,000628,001665,0001,720.00,00,0.63
2019-05-28 18:43:34 : $SPCP,000629,001667,0002,828.00,00,0.68
2019-05-28 18:43:35 : $SPCP,000630,001670,0003,370.67,00,0.69
2019-05-28 18:43:35 : $SPCP,000630,001671,0001,360.00,00,0.69
2019-05-28 18:43:36 : $SPCP,000631,001671,0000,0.00,00,0.66
2019-05-28 18:43:37 : $SPCP,000632,001673,0002,1276.00,00,0.64
2019-05-28 18:43:37 : $SPCP,000632,001676,0003,520.00,00,0.68
2019-05-28 18:43:38 : $SPCP,000633,001679,0003,640.00,00,0.61
2019-05-28 18:43:39 : $SPCP,000634,001682,0003,941.33,00,0.72
2019-05-28 18:43:39 : $SPCP,000634,001684,0002,836.00,00,0.65
2019-05-28 18:43:40 : $SPCP,000635,001687,0003,328.00,00,0.66
2019-05-28 18:43:41 : $SPCP,000636,001689,0002,988.00,00,0.67
2019-05-28 18:43:41 : $SPCP,000636,001692,0003,424.00,00,0.67
2019-05-28 18:43:42 : $SPCP,000637,001692,0000,0.00,00,0.63
2019-05-28 18:43:43 : $SPCP,000638,001692,0000,0.00,00,0.66
2019-05-28 18:43:43 : $SPCP,000638,001693,0001,904.00,00,0.70
2019-05-28 18:43:44 : $SPCP,000639,001695,0002,1392.00,01,0.67
2019-05-28 18:43:45 : $SPCP,000640,001697,0002,328.00,00,0.67
2019-05-28 18:43:45 : $SPCP,000640,001699,0002,1224.00,00,0.63
2019-05-28 18:43:46 : $SPCP,000641,001700,0001,352.00,01,0.77
2019-05-28 18:43:47 : $SPCP,000642,001702,0002,416.00,00,0.62
2019-05-28 18:43:47 : $SPCP,000642,001706,0004,918.00,00,0.65
2019-05-28 18:43:48 : $SPCP,000643,001706,0000,0.00,00,0.63
2019-05-28 18:43:49 : $SPCP,000644,001708,0002,744.00,00,0.72
2019-05-28 18:43:49 : $SPCP,000644,001711,0003,1437.33,00,0.72
2019-05-28 18:43:50 : $SPCP,000645,001714,0003,1458.67,00,0.61
2019-05-28 18:43:51 : $SPCP,000646,001717,0003,594.67,00,0.69
2019-05-28 18:43:51 : $SPCP,000646,001721,0004,1222.00,00,0.64
2019-05-28 18:43:52 : $SPCP,000647,001725,0004,1944.00,00,0.64
2019-05-28 18:43:53 : $SPCP,000648,001726,0001,2464.00,00,0.70
2019-05-28 18:43:53 : $SPCP,000648,001727,0001,864.00,00,0.60
2019-05-28 18:43:54 : $SPCP,000649,001730,0003,864.00,00,0.73
2019-05-28 18:43:55 : $SPCP,000650,001731,0001,320.00,00,0.70
2019-05-28 18:43:55 : $SPCP,000650,001732,0001,312.00,00,0.60
2019-05-28 18:43:56 : $SPCP,000651,001733,0001,1728.00,00,0.70
2019-05-28 18:43:57 : $SPCP,000652,001734,0001,1088.00,00,0.64
2019-05-28 18:43:57 : $SPCP,000652,001737,0003,450.67,00,0.70
2019-05-28 18:43:58 : $SPCP,000653,001739,0002,2532.00,00,0.69
2019-05-28 18:43:59 : $SPCP,000654,001740,0001,440.00,00,0.65
2019-05-28 18:43:59 : $SPCP,000654,001742,0002,476.00,00,0.66
2019-05-28 18:44:00 : $SPCP,000655,001747,0005,502.40,00,0.68
2019-05-28 18:44:01 : $SPCP,000656,001748,0001,352.00,00,0.66
2019-05-28 18:44:01 : $SPCP,000656,001749,0001,616.00,00,0.63
2019-05-28 18:44:02 : $SPCP,000657,001754,0005,515.20,00,0.66
2019-05-28 18:44:03 : $SPCP,000658,001764,0010,616.80,00,0.67
2019-05-28 18:44:03 : $SPCP,000658,001767,0003,456.00,00,0.71
2019-05-28 18:44:04 : $SPCP,000659,001767,0000,0.00,00,0.65
2019-05-28 18:44:05 : $SPCP,000660,001767,0000,0.00,00,0.67
2019-05-28 18:44:05 : $SPCP,000660,001768,0001,3016.00,00,0.71
2019-05-28 18:44:06 : $SPCP,000661,001770,0002,1060.00,00,0.63
2019-05-28 18:44:07 : $SPCP,000662,001771,0001,344.00,01,0.68
2019-05-28 18:44:07 : $SPCP,000662,001772,0001,2280.00,00,0.64
2019-05-28 18:44:08 : $SPCP,000663,001773,0001,1296.00,00,0.64
2019-05-28 18:44:09 : $SPCP,000664,001774,0001,976.00,01,0.68
2019-05-28 18:44:09 : $SPCP,000664,001775,0001,520.00,00,0.65
2019-05-28 18:44:10 : $SPCP,000665,001775,0000,0.00,00,0.61
2019-05-28 18:44:11 : $SPCP,000666,001780,0005,494.40,00,0.67
2019-05-28 18:44:11 : $SPCP,000666,001780,0000,0.00,00,0.68
2019-05-28 18:44:12 : $SPCP,000667,001782,0002,656.00,01,0.73
2019-05-28 18:44:13 : $SPCP,000668,001784,0002,2068.00,00,0.61
2019-05-28 18:44:13 : $SPCP,000668,001784,0000,0.00,00,0.69
2019-05-28 18:44:14 : $SPCP,000669,001787,0003,322.67,00,0.73
2019-05-28 18:44:15 : $SPCP,000670,001787,0000,0.00,00,0.63
2019-05-28 18:44:15 : $SPCP,000670,001788,0001,424.00,00,0.68
2019-05-28 18:44:16 : $SPCP,000671,001793,0005,1070.40,01,0.66
2019-05-28 18:44:17 : $SPCP,000672,001795,0002,1884.00,00,0.67
2019-05-28 18:44:17 : $SPCP,000672,001802,0007,590.86,00,0.67
2019-05-28 18:44:18 : $SPCP,000673,001803,0001,440.00,00,0.67
2019-05-28 18:44:19 : $SPCP,000674,001804,0001,376.00,00,0.63
2019-05-28 18:44:19 : $SPCP,000674,001806,0002,1356.00,00,0.69
2019-05-28 18:44:20 : $SPCP,000675,001807,0001,912.00,00,0.66
2019-05-28 18:44:21 : $SPCP,000676,001807,0000,0.00,00,0.66
2019-05-28 18:44:21 : $SPCP,000676,001809,0002,380.00,00,0.68
2019-05-28 18:44:22 : $SPCP,000677,001810,0001,528.00,00,0.66
2019-05-28 18:44:23 : $SPCP,000678,001813,0003,1202.67,01,0.69
2019-05-28 18:44:23 : $SPCP,000678,001816,0003,685.33,01,0.65
2019-05-28 18:44:24 : $SPCP,000679,001817,0001,664.00,01,0.68
2019-05-28 18:44:25 : $SPCP,000680,001828,0011,576.00,00,0.66
2019-05-28 18:44:25 : $SPCP,000680,001828,0000,0.00,00,0.63
2019-05-28 18:44:26 : $SPCP,000681,001828,0000,0.00,00,0.64
2019-05-28 18:44:27 : $SPCP,000682,001829,0001,768.00,00,0.74
2019-05-28 18:44:27 : $SPCP,000682,001830,0001,328.00,00,0.65
2019-05-28 18:44:28 : $SPCP,000683,001830,0000,0.00,00,0.67
2019-05-28 18:44:29 : $SPCP,000684,001831,0001,2472.00,00,0.63
2019-05-28 18:44:29 : $SPCP,000684,001831,0000,0.00,00,0.67
2019-05-28 18:44:30 : $SPCP,000685,001833,0002,600.00,00,0.69
2019-05-28 18:44:31 : $SPCP,000686,001834,0001,344.00,00,0.68
2019-05-28 18:44:31 : $SPCP,000686,001836,0002,396.00,01,0.65
2019-05-28 18:44:32 : $SPCP,000687,001839,0003,1330.67,00,0.68
2019-05-28 18:44:33 : $SPCP,000688,001844,0005,556.80,00,0.62
2019-05-28 18:44:33 : $SPCP,000688,001845,0001,832.00,00,0.67
2019-05-28 18:44:34 : $SPCP,000689,001846,0001,608.00,00,0.71
2019-05-28 18:44:35 : $SPCP,000690,001846,0000,0.00,00,0.65
2019-05-28 18:44:35 : $SPCP,000690,001846,0000,0.00,01,0.68
2019-05-28 18:44:36 : $SPCP,000691,001848,0002,552.00,01,0.67
2019-05-28 18:44:37 : $SPCP,000692,001849,0001,312.00,00,0.66
2019-05-28 18:44:37 : $SPCP,000692,001849,0000,0.00,00,0.63
2019-05-28 18:44:38 : $SPCP,000693,001849,0000,0.00,00,0.69
2019-05-28 18:44:39 : $SPCP,000694,001849,0000,0.00,00,0.62
2019-05-28 18:44:39 : $SPCP,000694,001849,0000,0.00,00,0.72
2019-05-28 18:44:40 : $SPCP,000695,001853,0004,390.00,00,0.63
2019-05-28 18:44:41 : $SPCP,000696,001857,0004,416.00,00,0.72
2019-05-28 18:44:41 : $SPCP,000696,001858,0001,480.00,00,0.61
2019-05-28 18:44:42 : $SPCP,000697,001860,0002,592.00,00,0.69
2019-05-28 18:44:43 : $SPCP,000698,001860,0000,0.00,00,0.71
2019-05-28 18:44:43 : $SPCP,000698,001863,0003,466.67,00,0.65
2019-05-28 18:44:44 : $SPCP,000699,001866,0003,426.67,00,0.66
2019-05-28 18:44:45 : $SPCP,000700,001869,0003,392.00,00,0.64
2019-05-28 18:44:45 : $SPCP,000700,001872,0003,552.00,00,0.66
2019-05-28 18:44:46 : $SPCP,000701,001873,0001,616.00,00,0.65
2019-05-28 18:44:47 : $SPCP,000702,001875,0002,368.00,00,0.70
2019-05-28 18:44:47 : $SPCP,000702,001877,0002,524.00,01,0.70
2019-05-28 18:44:48 : $SPCP,000703,001877,0000,0.00,00,0.60
2019-05-28 18:44:49 : $SPCP,000704,001877,0000,0.00,01,0.70
2019-05-28 18:44:49 : $SPCP,000704,001877,0000,0.00,00,0.66
2019-05-28 18:44:50 : $SPCP,000705,001877,0000,0.00,01,0.66
2019-05-28 18:44:51 : $SPCP,000706,001880,0003,1130.67,00,0.68
2019-05-28 18:44:51 : $SPCP,000706,001881,0001,680.00,00,0.68
2019-05-28 18:44:52 : $SPCP,000707,001884,0003,440.00,00,0.65
2019-05-28 18:44:53 : $SPCP,000708,001886,0002,428.00,00,0.66
2019-05-28 18:44:53 : $SPCP,000708,001888,0002,436.00,00,0.63
2019-05-28 18:44:54 : $SPCP,000709,001892,0004,376.00,00,0.69
2019-05-28 18:44:55 : $SPCP,000710,001893,0001,432.00,00,0.66
2019-05-28 18:44:55 : $SPCP,000710,001895,0002,716.00,00,0.64
2019-05-28 18:44:56 : $SPCP,000711,001896,0001,520.00,00,0.72
2019-05-28 18:44:57 : $SPCP,000712,001896,0000,0.00,01,0.66
2019-05-28 18:44:57 : $SPCP,000712,001898,0002,616.00,00,0.66
2019-05-28 18:44:58 : $SPCP,000713,001900,0002,4368.00,00,0.65
2019-05-28 18:44:59 : $SPCP,000714,001900,0000,0.00,00,0.66
2019-05-28 18:44:59 : $SPCP,000714,001903,0003,586.67,00,0.71
2019-05-28 18:45:00 : $SPCP,000715,001906,0003,437.33,00,0.63
2019-05-28 18:45:01 : $SPCP,000716,001908,0002,468.00,00,0.66
2019-05-28 18:45:01 : $SPCP,000716,001908,0000,0.00,00,0.69
2019-05-28 18:45:02 : $SPCP,000717,001910,0002,836.00,00,0.68
2019-05-28 18:45:03 : $SPCP,000718,001910,0000,0.00,00,0.64
2019-05-28 18:45:03 : $SPCP,000718,001912,0002,1528.00,00,0.69
2019-05-28 18:45:04 : $SPCP,000719,001917,0005,548.80,00,0.64
2019-05-28 18:45:05 : $SPCP,000720,001919,0002,464.00,00,0.69
2019-05-28 18:45:05 : $SPCP,000720,001919,0000,0.00,01,0.68
2019-05-28 18:45:06 : $SPCP,000721,001925,0006,590.67,00,0.66
2019-05-28 18:45:07 : $SPCP,000722,001925,0000,0.00,00,0.62
2019-05-28 18:45:07 : $SPCP,000722,001928,0003,1312.00,00,0.70
2019-05-28 18:45:08 : $SPCP,000723,001932,0004,906.00,00,0.69
2019-05-28 18:45:09 : $SPCP,000724,001933,0001,576.00,00,0.67
2019-05-28 18:45:09 : $SPCP,000724,001934,0001,3112.00,00,0.64
2019-05-28 18:45:10 : $SPCP,000725,001939,0005,395.20,00,0.65
2019-05-28 18:45:11 : $SPCP,000726,001939,0000,0.00,00,0.71
2019-05-28 18:45:11 : $SPCP,000726,001942,0003,1112.00,01,0.66
2019-05-28 18:45:12 : $SPCP,000727,001942,0000,0.00,00,0.65
2019-05-28 18:45:13 : $SPCP,000728,001944,0002,2424.00,00,0.68
2019-05-28 18:45:13 : $SPCP,000728,001948,0004,1090.00,00,0.63
2019-05-28 18:45:14 : $SPCP,000729,001949,0001,936.00,00,0.73
2019-05-28 18:45:15 : $SPCP,000730,001950,0001,416.00,01,0.65
2019-05-28 18:45:15 : $SPCP,000730,001950,0000,0.00,00,0.68
2019-05-28 18:45:16 : $SPCP,000731,001952,0002,448.00,00,0.61
2019-05-28 18:45:17 : $SPCP,000732,001952,0000,0.00,01,0.71
2019-05-28 18:45:17 : $SPCP,000732,001954,0002,372.00,01,0.65
2019-05-28 18:45:18 : $SPCP,000733,001955,0001,504.00,00,0.67
2019-05-28 18:45:19 : $SPCP,000734,001955,0000,0.00,00,0.68
2019-05-28 18:45:19 : $SPCP,000734,001957,0002,420.00,00,0.64
2019-05-28 18:45:20 : $SPCP,000735,001960,0003,744.00,00,0.64
2019-05-28 18:45:21 : $SPCP,000736,001960,0000,0.00,00,0.70
2019-05-28 18:45:21 : $SPCP,000736,001962,0002,2328.00,00,0.69
2019-05-28 18:45:22 : $SPCP,000737,001962,0000,0.00,00,0.64
2019-05-28 18:45:23 : $SPCP,000738,001964,0002,556.00,00,0.69
2019-05-28 18:45:23 : $SPCP,000738,001965,0001,312.00,00,0.64
2019-05-28 18:45:24 : $SPCP,000739,001966,0001,1136.00,00,0.65
2019-05-28 18:45:25 : $SPCP,000740,001967,0001,496.00,00,0.71
2019-05-28 18:45:25 : $SPCP,000740,001968,0001,472.00,00,0.64
2019-05-28 18:45:26 : $SPCP,000741,001971,0003,525.33,00,0.65
2019-05-28 18:45:27 : $SPCP,000742,001973,0002,496.00,01,0.68
2019-05-28 18:45:27 : $SPCP,000742,001974,0001,648.00,00,0.65
2019-05-28 18:45:28 : $SPCP,000743,001977,0003,2749.33,01,0.75
2019-05-28 18:45:29 : $SPCP,000744,001979,0002,488.00,00,0.63
2019-05-28 18:45:29 : $SPCP,000744,001990,0011,390.55,00,0.66
2019-05-28 18:45:30 : $SPCP,000745,001990,0000,0.00,00,0.64
2019-05-28 18:45:31 : $SPCP,000746,001991,0001,768.00,00,0.65
2019-05-28 18:45:31 : $SPCP,000746,001993,0002,360.00,00,0.63
2019-05-28 18:45:32 : $SPCP,000747,001995,0002,376.00,00,0.70
2019-05-28 18:45:33 : $SPCP,000748,001997,0002,644.00,00,0.67
2019-05-28 18:45:33 : $SPCP,000748,001998,0001,376.00,00,0.69
2019-05-28 18:45:34 : $SPCP,000749,002000,0002,352.00,00,0.67
2019-05-28 18:45:35 : $SPCP,000750,002000,0000,0.00,00,0.62
2019-05-28 18:45:35 : tar -cf /home/odroid/data/1559068378/0000000000.tar -C /home/odroid/data/1559068378/ --remove-files 0000000000 &
2019-05-28 18:45:36 : $SPCP,000751,002003,0003,970.67,00,1.05
2019-05-28 18:45:37 : $SPCP,000752,002005,0002,1264.00,00,0.84
2019-05-28 18:45:37 : $SPCP,000752,002005,0000,0.00,00,0.65
2019-05-28 18:45:38 : $SPCP,000753,002005,0000,0.00,00,0.65
2019-05-28 18:45:38 : $SPCP,000754,002007,0002,1992.00,00,0.67
2019-05-28 18:45:39 : $SPCP,000754,002009,0002,456.00,00,0.65
2019-05-28 18:45:40 : $SPCP,000755,002014,0005,595.20,00,0.72
2019-05-28 18:45:40 : $SPCP,000756,002016,0002,304.00,00,0.63
2019-05-28 18:45:41 : $SPCP,000756,002020,0004,1312.00,00,0.66
2019-05-28 18:45:42 : $SPCP,000757,002023,0003,645.33,00,0.67
2019-05-28 18:45:42 : $SPCP,000757,002023,0000,0.00,00,0.60
2019-05-28 18:45:43 : $SPCP,000758,002024,0001,2440.00,00,0.76
2019-05-28 18:45:44 : $SPCP,000759,002025,0001,632.00,00,0.68
2019-05-28 18:45:44 : $SPCP,000759,002027,0002,592.00,00,0.58
2019-05-28 18:45:45 : $SPCP,000760,002028,0001,744.00,00,0.70
2019-05-28 18:45:46 : $SPCP,000761,002031,0003,522.67,00,0.70
2019-05-28 18:45:47 : $SPCP,000762,002031,0000,0.00,01,0.65
2019-05-28 18:45:47 : $SPCP,000762,002034,0003,605.33,00,0.67
2019-05-28 18:45:48 : $SPCP,000763,002038,0004,552.00,00,0.61
2019-05-28 18:45:48 : $SPCP,000763,002045,0007,790.86,00,0.71
2019-05-28 18:45:49 : $SPCP,000764,002047,0002,376.00,00,0.62
2019-05-28 18:45:50 : $SPCP,000765,002047,0000,0.00,00,0.68
2019-05-28 18:45:51 : $SPCP,000766,002048,0001,2880.00,00,0.72
2019-05-28 18:45:51 : $SPCP,000766,002052,0004,706.00,00,0.62
2019-05-28 18:45:52 : $SPCP,000767,002053,0001,456.00,00,0.69
2019-05-28 18:45:53 : $SPCP,000768,002058,0005,1179.20,00,0.69
2019-05-28 18:45:53 : $SPCP,000768,002060,0002,304.00,00,0.57
2019-05-28 18:45:54 : $SPCP,000769,002062,0002,468.00,00,0.75
2019-05-28 18:45:54 : $SPCP,000769,002064,0002,3192.00,00,0.65
2019-05-28 18:45:55 : $SPCP,000770,002068,0004,556.00,00,0.71
2019-05-28 18:45:56 : $SPCP,000771,002071,0003,853.33,00,0.60
2019-05-28 18:45:56 : $SPCP,000772,002072,0001,352.00,00,0.70
2019-05-28 18:45:57 : $SPCP,000772,002073,0001,352.00,00,0.64
2019-05-28 18:45:58 : $SPCP,000773,002076,0003,1498.67,00,0.67
2019-05-28 18:45:58 : $SPCP,000773,002080,0004,528.00,00,0.67
2019-05-28 18:45:59 : $SPCP,000774,002082,0002,784.00,00,0.68
2019-05-28 18:46:00 : $SPCP,000775,002086,0004,484.00,00,0.72
2019-05-28 18:46:01 : $SPCP,000776,002088,0002,492.00,01,0.64
2019-05-28 18:46:01 : $SPCP,000776,002092,0004,440.00,00,0.63
2019-05-28 18:46:02 : $SPCP,000777,002092,0000,0.00,00,0.72
2019-05-28 18:46:03 : $SPCP,000778,002094,0002,436.00,00,0.68
2019-05-28 18:46:03 : $SPCP,000778,002094,0000,0.00,00,0.63
2019-05-28 18:46:04 : $SPCP,000779,002094,0000,0.00,00,0.68
2019-05-28 18:46:04 : $SPCP,000779,002094,0000,0.00,00,0.63
2019-05-28 18:46:05 : $SPCP,000780,002095,0001,328.00,00,0.68
2019-05-28 18:46:06 : $SPCP,000781,002097,0002,352.00,01,0.67
2019-05-28 18:46:06 : $SPCP,000781,002098,0001,304.00,00,0.64
2019-05-28 18:46:07 : $SPCP,000782,002098,0000,0.00,00,0.69
2019-05-28 18:46:08 : $SPCP,000783,002099,0001,1104.00,01,0.67
2019-05-28 18:46:08 : $SPCP,000784,002102,0003,1050.67,00,0.67
2019-05-28 18:46:09 : $SPCP,000784,002104,0002,448.00,00,0.66
2019-05-28 18:46:10 : $SPCP,000785,002107,0003,520.00,00,0.63
2019-05-28 18:46:10 : $SPCP,000786,002109,0002,1444.00,00,0.70
2019-05-28 18:46:11 : $SPCP,000786,002110,0001,848.00,00,0.65
2019-05-28 18:46:12 : $SPCP,000787,002110,0000,0.00,01,0.70
2019-05-28 18:46:12 : $SPCP,000788,002112,0002,336.00,00,0.66
2019-05-28 18:46:13 : $SPCP,000788,002115,0003,850.67,00,0.67
2019-05-28 18:46:14 : $SPCP,000789,002115,0000,0.00,00,0.65
2019-05-28 18:46:14 : $SPCP,000789,002117,0002,860.00,00,0.63
2019-05-28 18:46:15 : $SPCP,000790,002117,0000,0.00,00,0.68
2019-05-28 18:46:16 : $SPCP,000791,002120,0003,890.67,01,0.77
2019-05-28 18:46:17 : $SPCP,000792,002120,0000,0.00,00,0.60
2019-05-28 18:46:17 : $SPCP,000792,002121,0001,344.00,00,0.60
2019-05-28 18:46:18 : $SPCP,000793,002123,0002,1616.00,00,0.68
2019-05-28 18:46:18 : $SPCP,000793,002126,0003,328.00,00,0.69
2019-05-28 18:46:19 : $SPCP,000794,002128,0002,340.00,00,0.68
2019-05-28 18:46:20 : $SPCP,000795,002129,0001,312.00,00,0.67
2019-05-28 18:46:21 : $SPCP,000796,002131,0002,336.00,00,0.69
2019-05-28 18:46:21 : $SPCP,000796,002131,0000,0.00,00,0.63
2019-05-28 18:46:22 : $SPCP,000797,002133,0002,1784.00,00,0.64
2019-05-28 18:46:22 : $SPCP,000797,002134,0001,3384.00,00,0.66
2019-05-28 18:46:23 : $SPCP,000798,002136,0002,1076.00,00,0.71
2019-05-28 18:46:24 : $SPCP,000799,002139,0003,784.00,00,0.63
2019-05-28 18:46:25 : $SPCP,000800,002141,0002,476.00,00,0.71
2019-05-28 18:46:25 : $SPCP,000800,002143,0002,360.00,00,0.65
2019-05-28 18:46:26 : $SPCP,000801,002145,0002,512.00,00,0.67
2019-05-28 18:46:26 : $SPCP,000801,002146,0001,504.00,00,0.64
2019-05-28 18:46:27 : $SPCP,000802,002153,0007,436.57,00,0.66
2019-05-28 18:46:28 : $SPCP,000803,002155,0002,348.00,00,0.69
2019-05-28 18:46:29 : $SPCP,000804,002159,0004,854.00,00,0.68
2019-05-28 18:46:29 : $SPCP,000804,002160,0001,1928.00,00,0.66
2019-05-28 18:46:30 : $SPCP,000805,002160,0000,0.00,00,0.67
2019-05-28 18:46:30 : $SPCP,000806,002160,0000,0.00,00,0.65
2019-05-28 18:46:31 : $SPCP,000806,002166,0006,866.67,00,0.69
2019-05-28 18:46:32 : $SPCP,000807,002168,0002,344.00,00,0.66
2019-05-28 18:46:32 : $SPCP,000807,002169,0001,864.00,00,0.63
2019-05-28 18:46:33 : $SPCP,000808,002170,0001,1064.00,00,0.68
2019-05-28 18:46:34 : $SPCP,000809,002171,0001,488.00,00,0.70
2019-05-28 18:46:35 : $SPCP,000810,002171,0000,0.00,01,0.65
2019-05-28 18:46:35 : $SPCP,000810,002171,0000,0.00,00,0.66
2019-05-28 18:46:36 : $SPCP,000811,002175,0004,508.00,00,0.68
2019-05-28 18:46:36 : $SPCP,000812,002176,0001,352.00,00,0.64
2019-05-28 18:46:37 : $SPCP,000812,002182,0006,1201.33,00,0.65
2019-05-28 18:46:38 : $SPCP,000813,002185,0003,472.00,00,0.68
2019-05-28 18:46:39 : $SPCP,000814,002185,0000,0.00,00,0.69
2019-05-28 18:46:39 : $SPCP,000814,002185,0000,0.00,00,0.67
2019-05-28 18:46:40 : $SPCP,000815,002188,0003,600.00,00,0.64
2019-05-28 18:46:40 : $SPCP,000815,002190,0002,372.00,00,0.64
2019-05-28 18:46:41 : $SPCP,000816,002195,0005,398.40,00,0.72
2019-05-28 18:46:42 : $SPCP,000817,002199,0004,516.00,01,0.65
2019-05-28 18:46:42 : $SPCP,000818,002200,0001,368.00,00,0.66
2019-05-28 18:46:43 : $SPCP,000818,002202,0002,736.00,00,0.67
2019-05-28 18:46:44 : $SPCP,000819,002203,0001,784.00,00,0.67
2019-05-28 18:46:44 : $SPCP,000820,002205,0002,364.00,01,0.65
2019-05-28 18:46:45 : $SPCP,000820,002206,0001,520.00,00,0.63
2019-05-28 18:46:46 : $SPCP,000821,002209,0003,1797.33,00,0.75
2019-05-28 18:46:46 : $SPCP,000821,002210,0001,2304.00,00,0.60
2019-05-28 18:46:47 : $SPCP,000822,002211,0001,312.00,01,0.67
2019-05-28 18:46:48 : $SPCP,000823,002212,0001,328.00,00,0.66
2019-05-28 18:46:48 : $SPCP,000823,002214,0002,520.00,00,0.68
2019-05-28 18:46:49 : $SPCP,000824,002218,0004,672.00,00,0.64
2019-05-28 18:46:50 : $SPCP,000825,002221,0003,448.00,00,0.64
2019-05-28 18:46:50 : $SPCP,000825,002222,0001,336.00,00,0.72
2019-05-28 18:46:51 : $SPCP,000826,002226,0004,1488.00,00,0.61
2019-05-28 18:46:52 : $SPCP,000827,002227,0001,376.00,00,0.74
2019-05-28 18:46:52 : $SPCP,000828,002232,0005,892.80,00,0.66
2019-05-28 18:46:53 : $SPCP,000828,002237,0005,676.80,00,0.68
2019-05-28 18:46:54 : $SPCP,000829,002238,0001,2488.00,00,0.68
2019-05-28 18:46:54 : $SPCP,000829,002239,0001,1032.00,00,0.59
2019-05-28 18:46:55 : $SPCP,000830,002243,0004,502.00,00,0.71
2019-05-28 18:46:56 : $SPCP,000831,002247,0004,612.00,00,0.65
2019-05-28 18:46:56 : $SPCP,000831,002247,0000,0.00,00,0.68
2019-05-28 18:46:57 : $SPCP,000832,002248,0001,600.00,00,0.67
2019-05-28 18:46:58 : $SPCP,000833,002251,0003,1864.00,00,0.62
2019-05-28 18:46:59 : $SPCP,000834,002252,0001,312.00,00,0.74
2019-05-28 18:46:59 : $SPCP,000834,002252,0000,0.00,01,0.65
2019-05-28 18:47:00 : $SPCP,000835,002254,0002,924.00,00,0.67
2019-05-28 18:47:01 : $SPCP,000836,002255,0001,448.00,00,0.67
2019-05-28 18:47:01 : $SPCP,000836,002255,0000,0.00,00,0.67
2019-05-28 18:47:02 : $SPCP,000837,002257,0002,376.00,00,0.63
2019-05-28 18:47:03 : $SPCP,000838,002259,0002,520.00,00,0.70
2019-05-28 18:47:03 : $SPCP,000838,002262,0003,493.33,00,0.61
2019-05-28 18:47:04 : $SPCP,000839,002265,0003,1477.33,00,0.72
2019-05-28 18:47:04 : $SPCP,000839,002265,0000,0.00,00,0.64
2019-05-28 18:47:05 : $SPCP,000840,002269,0004,540.00,00,0.70
2019-05-28 18:47:06 : $SPCP,000841,002269,0000,0.00,00,0.64
2019-05-28 18:47:07 : $SPCP,000842,002272,0003,392.00,00,0.69
2019-05-28 18:47:07 : $SPCP,000842,002276,0004,750.00,00,0.66
2019-05-28 18:47:08 : $SPCP,000843,002276,0000,0.00,00,0.66
2019-05-28 18:47:08 : $SPCP,000844,002276,0000,0.00,00,0.66
2019-05-28 18:47:09 : $SPCP,000844,002279,0003,381.33,01,0.67
2019-05-28 18:47:10 : $SPCP,000845,002286,0007,402.29,00,0.61
2019-05-28 18:47:10 : $SPCP,000845,002291,0005,867.20,00,0.69
2019-05-28 18:47:11 : $SPCP,000846,002294,0003,440.00,00,0.69
2019-05-28 18:47:12 : $SPCP,000847,002295,0001,424.00,00,0.69
2019-05-28 18:47:12 : $SPCP,000847,002295,0000,0.00,00,0.60
2019-05-28 18:47:13 : $SPCP,000848,002295,0000,0.00,00,0.69
2019-05-28 18:47:14 : $SPCP,000849,002299,0004,394.00,00,0.68
2019-05-28 18:47:14 : $SPCP,000849,002302,0003,605.33,00,0.63
2019-05-28 18:47:15 : $SPCP,000850,002305,0003,509.33,00,0.64
2019-05-28 18:47:16 : $SPCP,000851,002305,0000,0.00,00,0.73
2019-05-28 18:47:16 : $SPCP,000851,002307,0002,1628.00,00,0.63
2019-05-28 18:47:17 : $SPCP,000852,002307,0000,0.00,00,0.68
2019-05-28 18:47:18 : $SPCP,000853,002310,0003,544.00,00,0.63
2019-05-28 18:47:18 : $SPCP,000853,002311,0001,312.00,00,0.67
2019-05-28 18:47:19 : $SPCP,000854,002313,0002,800.00,00,0.67
2019-05-28 18:47:20 : $SPCP,000855,002314,0001,376.00,01,0.73
2019-05-28 18:47:20 : $SPCP,000855,002316,0002,360.00,00,0.63
2019-05-28 18:47:21 : $SPCP,000856,002317,0001,2544.00,00,0.67
2019-05-28 18:47:22 : $SPCP,000857,002324,0007,533.71,00,0.66
2019-05-28 18:47:22 : $SPCP,000857,002324,0000,0.00,00,0.68
2019-05-28 18:47:23 : $SPCP,000858,002327,0003,1674.67,00,0.63
2019-05-28 18:47:24 : $SPCP,000859,002328,0001,376.00,00,0.67
2019-05-28 18:47:24 : $SPCP,000859,002328,0000,0.00,00,0.68
2019-05-28 18:47:25 : $SPCP,000860,002329,0001,816.00,00,0.61
2019-05-28 18:47:26 : $SPCP,000861,002330,0001,312.00,00,0.73
2019-05-28 18:47:26 : $SPCP,000861,002331,0001,504.00,00,0.67
2019-05-28 18:47:27 : $SPCP,000862,002332,0001,880.00,00,0.66
2019-05-28 18:47:28 : $SPCP,000863,002339,0007,412.57,00,0.65
2019-05-28 18:47:28 : $SPCP,000863,002340,0001,368.00,00,0.65
2019-05-28 18:47:29 : $SPCP,000864,002341,0001,728.00,00,0.72
2019-05-28 18:47:30 : $SPCP,000865,002342,0001,1496.00,00,0.59
2019-05-28 18:47:30 : $SPCP,000865,002342,0000,0.00,00,0.72
2019-05-28 18:47:31 : $SPCP,000866,002344,0002,384.00,00,0.63
2019-05-28 18:47:32 : $SPCP,000867,002346,0002,792.00,00,0.73
2019-05-28 18:47:32 : $SPCP,000867,002348,0002,344.00,00,0.68
2019-05-28 18:47:33 : $SPCP,000868,002350,0002,628.00,00,0.63
2019-05-28 18:47:34 : $SPCP,000869,002351,0001,336.00,00,0.69
2019-05-28 18:47:34 : $SPCP,000869,002354,0003,448.00,00,0.67
2019-05-28 18:47:35 : $SPCP,000870,002355,0001,496.00,01,0.66
2019-05-28 18:47:36 : $SPCP,000871,002356,0001,344.00,00,0.63
2019-05-28 18:47:36 : $SPCP,000871,002359,0003,2192.00,00,0.64
2019-05-28 18:47:37 : $SPCP,000872,002362,0003,909.33,00,0.68
2019-05-28 18:47:38 : $SPCP,000873,002364,0002,532.00,00,0.73
2019-05-28 18:47:38 : $SPCP,000873,002365,0001,352.00,00,0.61
2019-05-28 18:47:39 : $SPCP,000874,002366,0001,360.00,00,0.66
2019-05-28 18:47:40 : $SPCP,000875,002366,0000,0.00,00,0.66
2019-05-28 18:47:40 : $SPCP,000875,002367,0001,312.00,00,0.68
2019-05-28 18:47:41 : $SPCP,000876,002367,0000,0.00,00,0.67
2019-05-28 18:47:42 : $SPCP,000877,002373,0006,2040.00,00,0.68
2019-05-28 18:47:42 : $SPCP,000877,002376,0003,1042.67,00,0.65
2019-05-28 18:47:43 : $SPCP,000878,002376,0000,0.00,00,0.67
2019-05-28 18:47:44 : $SPCP,000879,002377,0001,384.00,00,0.66
2019-05-28 18:47:44 : $SPCP,000879,002378,0001,480.00,00,0.68
2019-05-28 18:47:45 : $SPCP,000880,002379,0001,312.00,00,0.65
2019-05-28 18:47:46 : $SPCP,000881,002382,0003,488.00,00,0.69
2019-05-28 18:47:46 : $SPCP,000881,002385,0003,549.33,00,0.67
2019-05-28 18:47:47 : $SPCP,000882,002387,0002,660.00,00,0.67
2019-05-28 18:47:48 : $SPCP,000883,002387,0000,0.00,01,0.69
2019-05-28 18:47:48 : $SPCP,000883,002392,0005,433.60,00,0.65
2019-05-28 18:47:49 : $SPCP,000884,002395,0003,605.33,00,0.66
2019-05-28 18:47:50 : $SPCP,000885,002396,0001,320.00,01,0.66
2019-05-28 18:47:50 : $SPCP,000885,002396,0000,0.00,00,0.60
2019-05-28 18:47:51 : $SPCP,000886,002398,0002,600.00,00,0.74
2019-05-28 18:47:52 : $SPCP,000887,002400,0002,564.00,00,0.68
2019-05-28 18:47:52 : $SPCP,000887,002401,0001,1976.00,00,0.59
2019-05-28 18:47:53 : $SPCP,000888,002401,0000,0.00,00,0.72
2019-05-28 18:47:54 : $SPCP,000889,002401,0000,0.00,00,0.67
2019-05-28 18:47:54 : $SPCP,000889,002405,0004,642.00,00,0.66
2019-05-28 18:47:55 : $SPCP,000890,002405,0000,0.00,00,0.68
2019-05-28 18:47:56 : $SPCP,000891,002407,0002,1028.00,01,0.67
2019-05-28 18:47:56 : $SPCP,000892,002409,0002,448.00,01,0.69
2019-05-28 18:47:57 : $SPCP,000892,002416,0007,598.86,00,0.59
2019-05-28 18:47:58 : $SPCP,000893,002417,0001,424.00,00,0.68
2019-05-28 18:47:58 : $SPCP,000893,002418,0001,320.00,00,0.65
2019-05-28 18:47:59 : $SPCP,000894,002420,0002,708.00,00,0.70
2019-05-28 18:48:00 : $SPCP,000895,002421,0001,416.00,01,0.70
2019-05-28 18:48:00 : $SPCP,000896,002426,0005,531.20,00,0.68
2019-05-28 18:48:01 : $SPCP,000896,002427,0001,344.00,01,0.65
2019-05-28 18:48:02 : $SPCP,000897,002432,0005,467.20,00,0.60
2019-05-28 18:48:02 : $SPCP,000897,002432,0000,0.00,00,0.71
2019-05-28 18:48:03 : $SPCP,000898,002432,0000,0.00,00,0.69
2019-05-28 18:48:04 : $SPCP,000899,002432,0000,0.00,00,0.62
2019-05-28 18:48:04 : $SPCP,000900,002432,0000,0.00,00,0.72
2019-05-28 18:48:05 : $SPCP,000900,002432,0000,0.00,00,0.65
2019-05-28 18:48:06 : $SPCP,000901,002435,0003,1194.67,00,0.66
2019-05-28 18:48:07 : $SPCP,000902,002437,0002,1216.00,00,0.71
2019-05-28 18:48:07 : $SPCP,000902,002439,0002,620.00,00,0.67
2019-05-28 18:48:08 : $SPCP,000903,002442,0003,1402.67,00,0.65
2019-05-28 18:48:08 : $SPCP,000904,002445,0003,1738.67,00,0.67
2019-05-28 18:48:09 : $SPCP,000904,002447,0002,352.00,00,0.65
2019-05-28 18:48:10 : $SPCP,000905,002447,0000,0.00,00,0.67
2019-05-28 18:48:10 : $SPCP,000906,002451,0004,390.00,00,0.67
2019-05-28 18:48:11 : $SPCP,000906,002452,0001,568.00,00,0.67
2019-05-28 18:48:12 : $SPCP,000907,002453,0001,336.00,00,0.63
2019-05-28 18:48:12 : $SPCP,000908,002455,0002,680.00,00,0.71
2019-05-28 18:48:13 : $SPCP,000908,002457,0002,700.00,00,0.67
2019-05-28 18:48:14 : $SPCP,000909,002457,0000,0.00,00,0.66
2019-05-28 18:48:15 : $SPCP,000910,002462,0005,1100.80,00,0.68
2019-05-28 18:48:15 : $SPCP,000910,002462,0000,0.00,01,0.65
2019-05-28 18:48:16 : $SPCP,000911,002462,0000,0.00,00,0.64
2019-05-28 18:48:17 : $SPCP,000912,002463,0001,856.00,00,0.72
2019-05-28 18:48:17 : $SPCP,000912,002467,0004,352.00,00,0.62
2019-05-28 18:48:18 : $SPCP,000913,002467,0000,0.00,00,0.70
2019-05-28 18:48:18 : $SPCP,000914,002470,0003,1304.00,00,0.66
2019-05-28 18:48:19 : $SPCP,000914,002476,0006,813.33,01,0.67
2019-05-28 18:48:20 : $SPCP,000915,002477,0001,784.00,00,0.65
2019-05-28 18:48:20 : $SPCP,000915,002478,0001,312.00,00,0.66
2019-05-28 18:48:21 : $SPCP,000916,002479,0001,872.00,00,0.67
2019-05-28 18:48:22 : $SPCP,000917,002481,0002,808.00,00,0.71
2019-05-28 18:48:22 : $SPCP,000918,002483,0002,416.00,00,0.66
2019-05-28 18:48:23 : $SPCP,000918,002484,0001,352.00,00,0.66
2019-05-28 18:48:24 : $SPCP,000919,002485,0001,528.00,00,0.67
2019-05-28 18:48:24 : $SPCP,000920,002486,0001,328.00,00,0.66
2019-05-28 18:48:25 : $SPCP,000920,002492,0006,614.67,00,0.62
2019-05-28 18:48:26 : $SPCP,000921,002494,0002,528.00,00,0.63
2019-05-28 18:48:26 : $SPCP,000921,002497,0003,613.33,00,0.70
2019-05-28 18:48:27 : $SPCP,000922,002499,0002,628.00,00,0.69
2019-05-28 18:48:28 : $SPCP,000923,002501,0002,864.00,00,0.63
2019-05-28 18:48:28 : $SPCP,000923,002504,0003,946.67,00,0.66
2019-05-28 18:48:29 : $SPCP,000924,002505,0001,320.00,00,0.72
2019-05-28 18:48:30 : $SPCP,000925,002508,0003,733.33,00,0.64
2019-05-28 18:48:30 : $SPCP,000925,002512,0004,766.00,00,0.67
2019-05-28 18:48:31 : $SPCP,000926,002514,0002,704.00,00,0.66
2019-05-28 18:48:32 : $SPCP,000927,002515,0001,448.00,00,0.66
2019-05-28 18:48:32 : $SPCP,000927,002517,0002,624.00,00,0.69
2019-05-28 18:48:33 : $SPCP,000928,002521,0004,558.00,01,0.66
2019-05-28 18:48:34 : $SPCP,000929,002527,0006,930.67,00,0.57
2019-05-28 18:48:34 : $SPCP,000929,002527,0000,0.00,00,0.71
2019-05-28 18:48:35 : $SPCP,000930,002527,0000,0.00,01,0.72
2019-05-28 18:48:36 : $SPCP,000931,002528,0001,1168.00,00,0.61
2019-05-28 18:48:36 : $SPCP,000931,002528,0000,0.00,00,0.67
2019-05-28 18:48:37 : $SPCP,000932,002528,0000,0.00,00,0.67
2019-05-28 18:48:38 : $SPCP,000933,002530,0002,1936.00,00,0.72
2019-05-28 18:48:38 : $SPCP,000934,002533,0003,1077.33,01,0.69
2019-05-28 18:48:39 : $SPCP,000934,002534,0001,400.00,00,0.62
2019-05-28 18:48:40 : $SPCP,000935,002534,0000,0.00,00,0.64
2019-05-28 18:48:40 : $SPCP,000935,002534,0000,0.00,00,0.67
2019-05-28 18:48:41 : $SPCP,000936,002537,0003,522.67,00,0.69
2019-05-28 18:48:42 : $SPCP,000937,002538,0001,464.00,00,0.64
2019-05-28 18:48:42 : $SPCP,000938,002540,0002,396.00,00,0.74
2019-05-28 18:48:43 : $SPCP,000938,002541,0001,328.00,00,0.63
2019-05-28 18:48:44 : $SPCP,000939,002546,0005,1022.40,00,0.68
2019-05-28 18:48:44 : $SPCP,000939,002548,0002,356.00,00,0.67
2019-05-28 18:48:45 : $SPCP,000940,002550,0002,764.00,00,0.62
2019-05-28 18:48:46 : $SPCP,000941,002550,0000,0.00,00,0.74
2019-05-28 18:48:46 : $SPCP,000942,002550,0000,0.00,01,0.66
2019-05-28 18:48:47 : $SPCP,000942,002550,0000,0.00,00,0.67
2019-05-28 18:48:48 : $SPCP,000943,002551,0001,648.00,00,0.59
2019-05-28 18:48:48 : $SPCP,000943,002552,0001,368.00,00,0.70
2019-05-28 18:48:49 : $SPCP,000944,002558,0006,684.00,00,0.66
2019-05-28 18:48:50 : $SPCP,000945,002562,0004,1722.00,00,0.69
2019-05-28 18:48:50 : $SPCP,000945,002562,0000,0.00,00,0.65
2019-05-28 18:48:51 : $SPCP,000946,002563,0001,832.00,01,0.71
2019-05-28 18:48:52 : $SPCP,000947,002566,0003,456.00,00,0.61
2019-05-28 18:48:52 : $SPCP,000948,002566,0000,0.00,00,0.73
2019-05-28 18:48:53 : $SPCP,000948,002566,0000,0.00,00,0.67
2019-05-28 18:48:54 : $SPCP,000949,002568,0002,356.00,00,0.67
2019-05-28 18:48:54 : $SPCP,000949,002568,0000,0.00,00,0.62
2019-05-28 18:48:55 : $SPCP,000950,002569,0001,600.00,00,0.67
2019-05-28 18:48:56 : $SPCP,000951,002576,0007,593.14,00,0.69
2019-05-28 18:48:57 : $SPCP,000952,002581,0005,368.00,00,0.68
2019-05-28 18:48:57 : $SPCP,000952,002582,0001,592.00,00,0.65
2019-05-28 18:48:58 : $SPCP,000953,002584,0002,404.00,00,0.64
2019-05-28 18:48:58 : $SPCP,000953,002585,0001,728.00,00,0.65
2019-05-28 18:48:59 : $SPCP,000954,002586,0001,624.00,00,0.70
2019-05-28 18:49:00 : $SPCP,000955,002590,0004,2518.00,00,0.66
2019-05-28 18:49:01 : $SPCP,000956,002593,0003,461.33,00,0.70
2019-05-28 18:49:01 : $SPCP,000956,002595,0002,468.00,00,0.64
2019-05-28 18:49:02 : $SPCP,000957,002599,0004,586.00,00,0.69
2019-05-28 18:49:02 : $SPCP,000957,002602,0003,893.33,00,0.63
2019-05-28 18:49:03 : $SPCP,000958,002608,0006,801.33,00,0.72
2019-05-28 18:49:04 : $SPCP,000959,002610,0002,992.00,01,0.68
2019-05-28 18:49:04 : $SPCP,000959,002612,0002,516.00,01,0.63
2019-05-28 18:49:05 : $SPCP,000960,002612,0000,0.00,00,0.63
2019-05-28 18:49:06 : $SPCP,000961,002615,0003,1125.33,00,0.66
2019-05-28 18:49:06 : $SPCP,000961,002618,0003,1616.00,00,0.65
2019-05-28 18:49:07 : $SPCP,000962,002619,0001,1368.00,01,0.74
2019-05-28 18:49:08 : $SPCP,000963,002619,0000,0.00,01,0.65
2019-05-28 18:49:08 : $SPCP,000963,002619,0000,0.00,00,0.65
2019-05-28 18:49:09 : $SPCP,000964,002619,0000,0.00,00,0.65
2019-05-28 18:49:09 : stop
2019-05-28 18:49:09 : Stopping Camera...
2019-05-28 18:49:09 : Waiting for frames to complete...
2019-05-28 18:49:09 : Done.
2019-05-28 18:49:09 : tar -cf /home/odroid/data/1559068378/0000002002.tar -C /home/odroid/data/1559068378/ --remove-files 0000002002 &
2019-05-28 18:49:11 : Total ROIs: 2619, ROIS/m: 162,139,132,166,123,168,171,156,182,171,197,152,176,172,165,180.
2019-05-28 18:49:11 : Closing Camera...
2019-05-28 18:49:11 : Camera Closed.
